[ 2017-06-04T14:58:09+08:00 ] ::1 /examLibrary/index.php/Student/getClass.html
INFO: [ app_begin ] --START--
INFO: Run Behavior\ReadHtmlCacheBehavior [ RunTime:0.000644s ]
INFO: [ app_begin ] --END-- [ RunTime:0.001133s ]
INFO: [ view_parse ] --START--
INFO: [ template_filter ] --START--
INFO: Run Behavior\ContentReplaceBehavior [ RunTime:0.000191s ]
INFO: [ template_filter ] --END-- [ RunTime:0.000277s ]
INFO: Run Behavior\ParseTemplateBehavior [ RunTime:0.008448s ]
INFO: [ view_parse ] --END-- [ RunTime:0.008558s ]
INFO: [ view_filter ] --START--
INFO: Run Behavior\WriteHtmlCacheBehavior [ RunTime:0.000301s ]
INFO: [ view_filter ] --END-- [ RunTime:0.000348s ]
INFO: [ app_end ] --START--
INFO: Run Behavior\ShowPageTraceBehavior [ RunTime:0.000434s ]
INFO: [ app_end ] --END-- [ RunTime:0.000484s ]

[ 2017-06-04T15:05:56+08:00 ] ::1 /examLibrary/index.php/Student/getClass.html
INFO: [ app_begin ] --START--
INFO: Run Behavior\ReadHtmlCacheBehavior [ RunTime:0.000645s ]
INFO: [ app_begin ] --END-- [ RunTime:0.001137s ]
INFO: [ view_parse ] --START--
INFO: [ template_filter ] --START--
INFO: Run Behavior\ContentReplaceBehavior [ RunTime:0.000158s ]
INFO: [ template_filter ] --END-- [ RunTime:0.000222s ]
INFO: Run Behavior\ParseTemplateBehavior [ RunTime:0.008475s ]
INFO: [ view_parse ] --END-- [ RunTime:0.008539s ]
INFO: [ view_filter ] --START--
INFO: Run Behavior\WriteHtmlCacheBehavior [ RunTime:0.000459s ]
INFO: [ view_filter ] --END-- [ RunTime:0.000510s ]
INFO: [ app_end ] --START--
INFO: Run Behavior\ShowPageTraceBehavior [ RunTime:0.000632s ]
INFO: [ app_end ] --END-- [ RunTime:0.000685s ]

[ 2017-06-04T15:07:10+08:00 ] ::1 /examLibrary/index.php/Student/getClass.html
INFO: [ app_begin ] --START--
INFO: Run Behavior\ReadHtmlCacheBehavior [ RunTime:0.000862s ]
INFO: [ app_begin ] --END-- [ RunTime:0.001370s ]
INFO: [ view_parse ] --START--
INFO: [ template_filter ] --START--
INFO: Run Behavior\ContentReplaceBehavior [ RunTime:0.000096s ]
INFO: [ template_filter ] --END-- [ RunTime:0.000156s ]
INFO: Run Behavior\ParseTemplateBehavior [ RunTime:0.008597s ]
INFO: [ view_parse ] --END-- [ RunTime:0.008748s ]
INFO: [ view_filter ] --START--
INFO: Run Behavior\WriteHtmlCacheBehavior [ RunTime:0.000523s ]
INFO: [ view_filter ] --END-- [ RunTime:0.000574s ]
INFO: [ app_end ] --START--
INFO: Run Behavior\ShowPageTraceBehavior [ RunTime:0.000715s ]
INFO: [ app_end ] --END-- [ RunTime:0.000775s ]

[ 2017-06-04T15:13:09+08:00 ] ::1 /examLibrary/index.php/Score/grade.html
INFO: [ app_begin ] --START--
INFO: Run Behavior\ReadHtmlCacheBehavior [ RunTime:0.000551s ]
INFO: [ app_begin ] --END-- [ RunTime:0.000951s ]

[ 2017-06-04T15:14:19+08:00 ] ::1 /examLibrary/index.php/Score/grade.html
INFO: [ app_begin ] --START--
INFO: Run Behavior\ReadHtmlCacheBehavior [ RunTime:0.000618s ]
INFO: [ app_begin ] --END-- [ RunTime:0.001039s ]

[ 2017-06-04T15:15:28+08:00 ] ::1 /examLibrary/index.php/Score/grade.html
INFO: [ app_begin ] --START--
INFO: Run Behavior\ReadHtmlCacheBehavior [ RunTime:0.000937s ]
INFO: [ app_begin ] --END-- [ RunTime:0.001508s ]

[ 2017-06-04T15:16:00+08:00 ] ::1 /examLibrary/index.php/Score/grade.html
INFO: [ app_begin ] --START--
INFO: Run Behavior\ReadHtmlCacheBehavior [ RunTime:0.000662s ]
INFO: [ app_begin ] --END-- [ RunTime:0.001142s ]

[ 2017-06-04T15:16:40+08:00 ] ::1 /examLibrary/index.php/Score/grade.html
INFO: [ app_begin ] --START--
INFO: Run Behavior\ReadHtmlCacheBehavior [ RunTime:0.000573s ]
INFO: [ app_begin ] --END-- [ RunTime:0.001028s ]

[ 2017-06-04T15:17:07+08:00 ] ::1 /examLibrary/index.php/Score/grade.html
INFO: [ app_begin ] --START--
INFO: Run Behavior\ReadHtmlCacheBehavior [ RunTime:0.000495s ]
INFO: [ app_begin ] --END-- [ RunTime:0.000888s ]

[ 2017-06-04T15:21:09+08:00 ] ::1 /examLibrary/index.php/Score/grade.html
INFO: [ app_begin ] --START--
INFO: Run Behavior\ReadHtmlCacheBehavior [ RunTime:0.000529s ]
INFO: [ app_begin ] --END-- [ RunTime:0.001003s ]

[ 2017-06-04T15:29:31+08:00 ] ::1 /examLibrary/index.php/Student/getClass.html
INFO: [ app_begin ] --START--
INFO: Run Behavior\ReadHtmlCacheBehavior [ RunTime:0.000944s ]
INFO: [ app_begin ] --END-- [ RunTime:0.001645s ]
INFO: [ view_parse ] --START--
INFO: [ template_filter ] --START--
INFO: Run Behavior\ContentReplaceBehavior [ RunTime:0.000097s ]
INFO: [ template_filter ] --END-- [ RunTime:0.000160s ]
INFO: Run Behavior\ParseTemplateBehavior [ RunTime:0.007610s ]
INFO: [ view_parse ] --END-- [ RunTime:0.007676s ]
INFO: [ view_filter ] --START--
INFO: Run Behavior\WriteHtmlCacheBehavior [ RunTime:0.000741s ]
INFO: [ view_filter ] --END-- [ RunTime:0.000793s ]
INFO: [ app_end ] --START--
INFO: Run Behavior\ShowPageTraceBehavior [ RunTime:0.000711s ]
INFO: [ app_end ] --END-- [ RunTime:0.000776s ]

[ 2017-06-04T15:30:19+08:00 ] ::1 /examLibrary/index.php/Score/grade.html
INFO: [ app_begin ] --START--
INFO: Run Behavior\ReadHtmlCacheBehavior [ RunTime:0.001061s ]
INFO: [ app_begin ] --END-- [ RunTime:0.001829s ]

[ 2017-06-04T15:51:38+08:00 ] ::1 /examLibrary/index.php/Score/grade.html
INFO: [ app_begin ] --START--
INFO: Run Behavior\ReadHtmlCacheBehavior [ RunTime:0.000588s ]
INFO: [ app_begin ] --END-- [ RunTime:0.001073s ]

[ 2017-06-04T16:01:21+08:00 ] ::1 /examLibrary/index.php/Score/grade.html
INFO: [ app_begin ] --START--
INFO: Run Behavior\ReadHtmlCacheBehavior [ RunTime:0.000464s ]
INFO: [ app_begin ] --END-- [ RunTime:0.000863s ]

[ 2017-06-04T16:01:24+08:00 ] ::1 /examLibrary/index.php/Score/grade.html
INFO: [ app_begin ] --START--
INFO: Run Behavior\ReadHtmlCacheBehavior [ RunTime:0.000628s ]
INFO: [ app_begin ] --END-- [ RunTime:0.001076s ]

[ 2017-06-04T21:38:50+08:00 ] ::1 /examLibrary/index.php/Score/grade.html
INFO: [ app_begin ] --START--
INFO: Run Behavior\ReadHtmlCacheBehavior [ RunTime:0.000647s ]
INFO: [ app_begin ] --END-- [ RunTime:0.001257s ]
NOTIC: [8] Undefined index: position D:\wamp5_4\www\examLibrary\Application\Home\Controller\ScoreController.class.php 第 13 行.

[ 2017-06-04T21:39:51+08:00 ] ::1 /examLibrary/index.php/Score/grade.html
INFO: [ app_begin ] --START--
INFO: Run Behavior\ReadHtmlCacheBehavior [ RunTime:0.000596s ]
INFO: [ app_begin ] --END-- [ RunTime:0.001106s ]
NOTIC: [8] Undefined index: position D:\wamp5_4\www\examLibrary\Application\Home\Controller\ScoreController.class.php 第 13 行.

[ 2017-06-04T21:40:42+08:00 ] ::1 /examLibrary/index.php/Score/grade.html
INFO: [ app_begin ] --START--
INFO: Run Behavior\ReadHtmlCacheBehavior [ RunTime:0.000644s ]
INFO: [ app_begin ] --END-- [ RunTime:0.001126s ]
NOTIC: [8] Undefined index: positions D:\wamp5_4\www\examLibrary\Application\Home\Controller\ScoreController.class.php 第 13 行.

[ 2017-06-04T21:41:26+08:00 ] ::1 /examLibrary/index.php/Score/grade.html
INFO: [ app_begin ] --START--
INFO: Run Behavior\ReadHtmlCacheBehavior [ RunTime:0.000682s ]
INFO: [ app_begin ] --END-- [ RunTime:0.001207s ]
NOTIC: [8] Undefined index: positions D:\wamp5_4\www\examLibrary\Application\Home\Controller\ScoreController.class.php 第 13 行.

[ 2017-06-04T21:43:59+08:00 ] ::1 /examLibrary/index.php/Score/grade.html
INFO: [ app_begin ] --START--
INFO: Run Behavior\ReadHtmlCacheBehavior [ RunTime:0.000760s ]
INFO: [ app_begin ] --END-- [ RunTime:0.001241s ]
NOTIC: [8] Undefined index: positions D:\wamp5_4\www\examLibrary\Application\Home\Controller\ScoreController.class.php 第 13 行.

[ 2017-06-04T21:44:01+08:00 ] ::1 /examLibrary/index.php/Score/grade.html
INFO: [ app_begin ] --START--
INFO: Run Behavior\ReadHtmlCacheBehavior [ RunTime:0.001165s ]
INFO: [ app_begin ] --END-- [ RunTime:0.002441s ]
NOTIC: [8] Undefined index: positions D:\wamp5_4\www\examLibrary\Application\Home\Controller\ScoreController.class.php 第 13 行.

[ 2017-06-04T21:44:44+08:00 ] ::1 /examLibrary/index.php/Score/grade.html
INFO: [ app_begin ] --START--
INFO: Run Behavior\ReadHtmlCacheBehavior [ RunTime:0.000492s ]
INFO: [ app_begin ] --END-- [ RunTime:0.000873s ]
NOTIC: [8] Undefined index: positions D:\wamp5_4\www\examLibrary\Application\Home\Controller\ScoreController.class.php 第 13 行.

[ 2017-06-04T21:46:46+08:00 ] ::1 /examLibrary/index.php/Score/grade.html
INFO: [ app_begin ] --START--
INFO: Run Behavior\ReadHtmlCacheBehavior [ RunTime:0.000658s ]
INFO: [ app_begin ] --END-- [ RunTime:0.001155s ]
NOTIC: [8] Undefined index: positions D:\wamp5_4\www\examLibrary\Application\Home\Controller\ScoreController.class.php 第 13 行.
INFO: [ app_end ] --START--
INFO: Run Behavior\ShowPageTraceBehavior [ RunTime:0.000952s ]
INFO: [ app_end ] --END-- [ RunTime:0.001054s ]

[ 2017-06-04T21:47:08+08:00 ] ::1 /examLibrary/index.php/Score/grade.html
INFO: [ app_begin ] --START--
INFO: Run Behavior\ReadHtmlCacheBehavior [ RunTime:0.000541s ]
INFO: [ app_begin ] --END-- [ RunTime:0.000947s ]
INFO: [ app_end ] --START--
INFO: Run Behavior\ShowPageTraceBehavior [ RunTime:0.000774s ]
INFO: [ app_end ] --END-- [ RunTime:0.000865s ]

[ 2017-06-04T21:53:23+08:00 ] ::1 /examLibrary/index.php/Score/grade.html
INFO: [ app_begin ] --START--
INFO: Run Behavior\ReadHtmlCacheBehavior [ RunTime:0.000566s ]
INFO: [ app_begin ] --END-- [ RunTime:0.001000s ]
INFO: [ app_end ] --START--
INFO: Run Behavior\ShowPageTraceBehavior [ RunTime:0.000590s ]
INFO: [ app_end ] --END-- [ RunTime:0.000647s ]

[ 2017-06-04T21:54:52+08:00 ] ::1 /examLibrary/index.php/Score/grade.html
INFO: [ app_begin ] --START--
INFO: Run Behavior\ReadHtmlCacheBehavior [ RunTime:0.000599s ]
INFO: [ app_begin ] --END-- [ RunTime:0.001027s ]
INFO: [ app_end ] --START--
INFO: Run Behavior\ShowPageTraceBehavior [ RunTime:0.000649s ]
INFO: [ app_end ] --END-- [ RunTime:0.000711s ]

[ 2017-06-04T21:56:45+08:00 ] ::1 /examLibrary/index.php/Score/grade.html
INFO: [ app_begin ] --START--
INFO: Run Behavior\ReadHtmlCacheBehavior [ RunTime:0.000754s ]
INFO: [ app_begin ] --END-- [ RunTime:0.001282s ]

[ 2017-06-04T21:58:13+08:00 ] ::1 /examLibrary/index.php/Score/grade.html
INFO: [ app_begin ] --START--
INFO: Run Behavior\ReadHtmlCacheBehavior [ RunTime:0.000523s ]
INFO: [ app_begin ] --END-- [ RunTime:0.001079s ]

[ 2017-06-04T21:58:32+08:00 ] ::1 /examLibrary/index.php/Score/grade.html
INFO: [ app_begin ] --START--
INFO: Run Behavior\ReadHtmlCacheBehavior [ RunTime:0.000540s ]
INFO: [ app_begin ] --END-- [ RunTime:0.000936s ]
INFO: [ app_end ] --START--
INFO: Run Behavior\ShowPageTraceBehavior [ RunTime:0.000642s ]
INFO: [ app_end ] --END-- [ RunTime:0.000704s ]

[ 2017-06-04T21:59:28+08:00 ] ::1 /examLibrary/index.php/Score/grade.html
INFO: [ app_begin ] --START--
INFO: Run Behavior\ReadHtmlCacheBehavior [ RunTime:0.000607s ]
INFO: [ app_begin ] --END-- [ RunTime:0.001170s ]

[ 2017-06-04T22:36:08+08:00 ] ::1 /examLibrary/index.php/Score/grade.html
INFO: [ app_begin ] --START--
INFO: Run Behavior\ReadHtmlCacheBehavior [ RunTime:0.000592s ]
INFO: [ app_begin ] --END-- [ RunTime:0.001123s ]
INFO: [ app_end ] --START--
INFO: Run Behavior\ShowPageTraceBehavior [ RunTime:0.000686s ]
INFO: [ app_end ] --END-- [ RunTime:0.000753s ]

[ 2017-06-04T22:44:18+08:00 ] ::1 /examLibrary/index.php/Score/grade.html
INFO: [ app_begin ] --START--
INFO: Run Behavior\ReadHtmlCacheBehavior [ RunTime:0.000518s ]
INFO: [ app_begin ] --END-- [ RunTime:0.000938s ]
NOTIC: [8] Undefined index: flag D:\wamp5_4\www\examLibrary\Application\Home\Controller\ScoreController.class.php 第 27 行.
INFO: [ app_end ] --START--
INFO: Run Behavior\ShowPageTraceBehavior [ RunTime:0.001185s ]
INFO: [ app_end ] --END-- [ RunTime:0.001320s ]

[ 2017-06-04T22:45:04+08:00 ] ::1 /examLibrary/index.php/Score/grade.html
INFO: [ app_begin ] --START--
INFO: Run Behavior\ReadHtmlCacheBehavior [ RunTime:0.000597s ]
INFO: [ app_begin ] --END-- [ RunTime:0.001127s ]
NOTIC: [8] Undefined index: flag D:\wamp5_4\www\examLibrary\Application\Home\Controller\ScoreController.class.php 第 27 行.
INFO: [ app_end ] --START--
INFO: Run Behavior\ShowPageTraceBehavior [ RunTime:0.000505s ]
INFO: [ app_end ] --END-- [ RunTime:0.000562s ]

[ 2017-06-04T22:45:22+08:00 ] ::1 /examLibrary/index.php/Score/grade.html
INFO: [ app_begin ] --START--
INFO: Run Behavior\ReadHtmlCacheBehavior [ RunTime:0.000509s ]
INFO: [ app_begin ] --END-- [ RunTime:0.000909s ]
NOTIC: [8] Undefined index: flag D:\wamp5_4\www\examLibrary\Application\Home\Controller\ScoreController.class.php 第 27 行.
INFO: [ app_end ] --START--
INFO: Run Behavior\ShowPageTraceBehavior [ RunTime:0.000694s ]
INFO: [ app_end ] --END-- [ RunTime:0.000787s ]

[ 2017-06-04T22:46:04+08:00 ] ::1 /examLibrary/index.php/Score/grade.html
INFO: [ app_begin ] --START--
INFO: Run Behavior\ReadHtmlCacheBehavior [ RunTime:0.000768s ]
INFO: [ app_begin ] --END-- [ RunTime:0.001668s ]
NOTIC: [8] Undefined index: flag D:\wamp5_4\www\examLibrary\Application\Home\Controller\ScoreController.class.php 第 27 行.
INFO: [ app_end ] --START--
INFO: Run Behavior\ShowPageTraceBehavior [ RunTime:0.000487s ]
INFO: [ app_end ] --END-- [ RunTime:0.000544s ]

[ 2017-06-04T22:46:22+08:00 ] ::1 /examLibrary/index.php/Score/grade.html
INFO: [ app_begin ] --START--
INFO: Run Behavior\ReadHtmlCacheBehavior [ RunTime:0.000589s ]
INFO: [ app_begin ] --END-- [ RunTime:0.001073s ]
NOTIC: [8] Undefined index: flag D:\wamp5_4\www\examLibrary\Application\Home\Controller\ScoreController.class.php 第 21 行.
NOTIC: [8] Undefined index: flag D:\wamp5_4\www\examLibrary\Application\Home\Controller\ScoreController.class.php 第 27 行.
INFO: [ app_end ] --START--
INFO: Run Behavior\ShowPageTraceBehavior [ RunTime:0.000578s ]
INFO: [ app_end ] --END-- [ RunTime:0.000634s ]

[ 2017-06-04T22:49:01+08:00 ] ::1 /examLibrary/index.php/Score/grade.html
INFO: [ app_begin ] --START--
INFO: Run Behavior\ReadHtmlCacheBehavior [ RunTime:0.000473s ]
INFO: [ app_begin ] --END-- [ RunTime:0.000944s ]
INFO: [ app_end ] --START--
INFO: Run Behavior\ShowPageTraceBehavior [ RunTime:0.000486s ]
INFO: [ app_end ] --END-- [ RunTime:0.000590s ]

[ 2017-06-04T22:49:17+08:00 ] ::1 /examLibrary/index.php/Score/grade.html
INFO: [ app_begin ] --START--
INFO: Run Behavior\ReadHtmlCacheBehavior [ RunTime:0.000574s ]
INFO: [ app_begin ] --END-- [ RunTime:0.001046s ]
INFO: [ app_end ] --START--
INFO: Run Behavior\ShowPageTraceBehavior [ RunTime:0.000532s ]
INFO: [ app_end ] --END-- [ RunTime:0.000595s ]

[ 2017-06-04T22:49:40+08:00 ] ::1 /examLibrary/index.php/Score/grade.html
INFO: [ app_begin ] --START--
INFO: Run Behavior\ReadHtmlCacheBehavior [ RunTime:0.000649s ]
INFO: [ app_begin ] --END-- [ RunTime:0.001175s ]
INFO: [ app_end ] --START--
INFO: Run Behavior\ShowPageTraceBehavior [ RunTime:0.000793s ]
INFO: [ app_end ] --END-- [ RunTime:0.000931s ]

[ 2017-06-04T22:49:43+08:00 ] ::1 /examLibrary/index.php/Score/grade.html
INFO: [ app_begin ] --START--
INFO: Run Behavior\ReadHtmlCacheBehavior [ RunTime:0.000594s ]
INFO: [ app_begin ] --END-- [ RunTime:0.001110s ]
INFO: [ app_end ] --START--
INFO: Run Behavior\ShowPageTraceBehavior [ RunTime:0.000577s ]
INFO: [ app_end ] --END-- [ RunTime:0.000636s ]

[ 2017-06-04T22:51:55+08:00 ] ::1 /examLibrary/index.php/Score/grade.html
INFO: [ app_begin ] --START--
INFO: Run Behavior\ReadHtmlCacheBehavior [ RunTime:0.000576s ]
INFO: [ app_begin ] --END-- [ RunTime:0.000990s ]
NOTIC: [8] Undefined index: flag D:\wamp5_4\www\examLibrary\Application\Home\Controller\ScoreController.class.php 第 26 行.
INFO: [ app_end ] --START--
INFO: Run Behavior\ShowPageTraceBehavior [ RunTime:0.000659s ]
INFO: [ app_end ] --END-- [ RunTime:0.000713s ]

[ 2017-06-04T22:54:32+08:00 ] ::1 /examLibrary/index.php/Score/grade.html
INFO: [ app_begin ] --START--
INFO: Run Behavior\ReadHtmlCacheBehavior [ RunTime:0.000628s ]
INFO: [ app_begin ] --END-- [ RunTime:0.001140s ]
NOTIC: [8] Undefined index: flag D:\wamp5_4\www\examLibrary\Application\Home\Controller\ScoreController.class.php 第 26 行.
INFO: [ app_end ] --START--
INFO: Run Behavior\ShowPageTraceBehavior [ RunTime:0.000933s ]
INFO: [ app_end ] --END-- [ RunTime:0.001049s ]

[ 2017-06-04T23:00:48+08:00 ] ::1 /examLibrary/index.php/Score/grade.html
INFO: [ app_begin ] --START--
INFO: Run Behavior\ReadHtmlCacheBehavior [ RunTime:0.000737s ]
INFO: [ app_begin ] --END-- [ RunTime:0.001235s ]
NOTIC: [8] Undefined index: flag D:\wamp5_4\www\examLibrary\Application\Home\Controller\ScoreController.class.php 第 27 行.
INFO: [ app_end ] --START--
INFO: Run Behavior\ShowPageTraceBehavior [ RunTime:0.000866s ]
INFO: [ app_end ] --END-- [ RunTime:0.000937s ]

[ 2017-06-04T23:01:30+08:00 ] ::1 /examLibrary/index.php/Score/grade.html
INFO: [ app_begin ] --START--
INFO: Run Behavior\ReadHtmlCacheBehavior [ RunTime:0.000966s ]
INFO: [ app_begin ] --END-- [ RunTime:0.001659s ]
NOTIC: [8] Undefined index: flag D:\wamp5_4\www\examLibrary\Application\Home\Controller\ScoreController.class.php 第 27 行.
INFO: [ app_end ] --START--
INFO: Run Behavior\ShowPageTraceBehavior [ RunTime:0.000750s ]
INFO: [ app_end ] --END-- [ RunTime:0.000815s ]

[ 2017-06-04T23:03:43+08:00 ] ::1 /examLibrary/index.php/Score/grade.html
INFO: [ app_begin ] --START--
INFO: Run Behavior\ReadHtmlCacheBehavior [ RunTime:0.000830s ]
INFO: [ app_begin ] --END-- [ RunTime:0.001542s ]
NOTIC: [8] Undefined index: flag D:\wamp5_4\www\examLibrary\Application\Home\Controller\ScoreController.class.php 第 28 行.
INFO: [ app_end ] --START--
INFO: Run Behavior\ShowPageTraceBehavior [ RunTime:0.001444s ]
INFO: [ app_end ] --END-- [ RunTime:0.001560s ]

[ 2017-06-04T23:04:39+08:00 ] ::1 /examLibrary/index.php/Score/grade.html
INFO: [ app_begin ] --START--
INFO: Run Behavior\ReadHtmlCacheBehavior [ RunTime:0.000697s ]
INFO: [ app_begin ] --END-- [ RunTime:0.001424s ]
NOTIC: [8] Undefined index: flag D:\wamp5_4\www\examLibrary\Application\Home\Controller\ScoreController.class.php 第 29 行.
INFO: [ app_end ] --START--
INFO: Run Behavior\ShowPageTraceBehavior [ RunTime:0.001297s ]
INFO: [ app_end ] --END-- [ RunTime:0.001430s ]

[ 2017-06-04T23:05:36+08:00 ] ::1 /examLibrary/index.php/Score/grade.html
INFO: [ app_begin ] --START--
INFO: Run Behavior\ReadHtmlCacheBehavior [ RunTime:0.001222s ]
INFO: [ app_begin ] --END-- [ RunTime:0.001811s ]
NOTIC: [8] Undefined index: flag D:\wamp5_4\www\examLibrary\Application\Home\Controller\ScoreController.class.php 第 29 行.
INFO: [ app_end ] --START--
INFO: Run Behavior\ShowPageTraceBehavior [ RunTime:0.001280s ]
INFO: [ app_end ] --END-- [ RunTime:0.001490s ]

[ 2017-06-04T23:10:31+08:00 ] ::1 /examLibrary/index.php/Score/grade.html
INFO: [ app_begin ] --START--
INFO: Run Behavior\ReadHtmlCacheBehavior [ RunTime:0.000637s ]
INFO: [ app_begin ] --END-- [ RunTime:0.001164s ]
NOTIC: [8] Undefined index: flag D:\wamp5_4\www\examLibrary\Application\Home\Controller\ScoreController.class.php 第 29 行.
INFO: [ app_end ] --START--
INFO: Run Behavior\ShowPageTraceBehavior [ RunTime:0.002928s ]
INFO: [ app_end ] --END-- [ RunTime:0.003141s ]

[ 2017-06-04T23:13:06+08:00 ] ::1 /examLibrary/index.php/Score/grade.html
INFO: [ app_begin ] --START--
INFO: Run Behavior\ReadHtmlCacheBehavior [ RunTime:0.001047s ]
INFO: [ app_begin ] --END-- [ RunTime:0.001675s ]
NOTIC: [8] Undefined variable: question D:\wamp5_4\www\examLibrary\Application\Home\Controller\ScoreController.class.php 第 23 行.

[ 2017-06-04T23:13:48+08:00 ] ::1 /examLibrary/index.php/Score/grade.html
INFO: [ app_begin ] --START--
INFO: Run Behavior\ReadHtmlCacheBehavior [ RunTime:0.000921s ]
INFO: [ app_begin ] --END-- [ RunTime:0.001470s ]
INFO: [ app_end ] --START--
INFO: Run Behavior\ShowPageTraceBehavior [ RunTime:0.000642s ]
INFO: [ app_end ] --END-- [ RunTime:0.000740s ]

[ 2017-06-04T23:15:05+08:00 ] ::1 /examLibrary/index.php/Score/grade.html
INFO: [ app_begin ] --START--
INFO: Run Behavior\ReadHtmlCacheBehavior [ RunTime:0.000656s ]
INFO: [ app_begin ] --END-- [ RunTime:0.001264s ]
INFO: [ app_end ] --START--
INFO: Run Behavior\ShowPageTraceBehavior [ RunTime:0.000849s ]
INFO: [ app_end ] --END-- [ RunTime:0.000918s ]

[ 2017-06-04T23:16:19+08:00 ] ::1 /examLibrary/index.php/Score/grade.html
INFO: [ app_begin ] --START--
INFO: Run Behavior\ReadHtmlCacheBehavior [ RunTime:0.001090s ]
INFO: [ app_begin ] --END-- [ RunTime:0.001598s ]
INFO: [ app_end ] --START--
INFO: Run Behavior\ShowPageTraceBehavior [ RunTime:0.001261s ]
INFO: [ app_end ] --END-- [ RunTime:0.001542s ]

[ 2017-06-04T23:16:43+08:00 ] ::1 /examLibrary/index.php/Score/grade.html
INFO: [ app_begin ] --START--
INFO: Run Behavior\ReadHtmlCacheBehavior [ RunTime:0.000563s ]
INFO: [ app_begin ] --END-- [ RunTime:0.001048s ]
INFO: [ app_end ] --START--
INFO: Run Behavior\ShowPageTraceBehavior [ RunTime:0.000773s ]
INFO: [ app_end ] --END-- [ RunTime:0.000851s ]

[ 2017-06-04T23:17:53+08:00 ] ::1 /examLibrary/index.php/Score/grade.html
INFO: [ app_begin ] --START--
INFO: Run Behavior\ReadHtmlCacheBehavior [ RunTime:0.000797s ]
INFO: [ app_begin ] --END-- [ RunTime:0.001309s ]
INFO: [ app_end ] --START--
INFO: Run Behavior\ShowPageTraceBehavior [ RunTime:0.000930s ]
INFO: [ app_end ] --END-- [ RunTime:0.001023s ]

[ 2017-06-04T23:18:07+08:00 ] ::1 /examLibrary/index.php/Score/grade.html
INFO: [ app_begin ] --START--
INFO: Run Behavior\ReadHtmlCacheBehavior [ RunTime:0.000672s ]
INFO: [ app_begin ] --END-- [ RunTime:0.001289s ]
INFO: [ app_end ] --START--
INFO: Run Behavior\ShowPageTraceBehavior [ RunTime:0.000783s ]
INFO: [ app_end ] --END-- [ RunTime:0.000865s ]

[ 2017-06-04T23:19:19+08:00 ] ::1 /examLibrary/index.php/Score/grade.html
INFO: [ app_begin ] --START--
INFO: Run Behavior\ReadHtmlCacheBehavior [ RunTime:0.000950s ]
INFO: [ app_begin ] --END-- [ RunTime:0.001746s ]
INFO: [ app_end ] --START--
INFO: Run Behavior\ShowPageTraceBehavior [ RunTime:0.001026s ]
INFO: [ app_end ] --END-- [ RunTime:0.001131s ]

[ 2017-06-04T23:21:11+08:00 ] ::1 /examLibrary/index.php/Score/grade.html
INFO: [ app_begin ] --START--
INFO: Run Behavior\ReadHtmlCacheBehavior [ RunTime:0.000908s ]
INFO: [ app_begin ] --END-- [ RunTime:0.003319s ]
INFO: [ app_end ] --START--
INFO: Run Behavior\ShowPageTraceBehavior [ RunTime:0.000745s ]
INFO: [ app_end ] --END-- [ RunTime:0.000832s ]

[ 2017-06-04T23:30:59+08:00 ] ::1 /examLibrary/index.php/Score/grade.html
INFO: [ app_begin ] --START--
INFO: Run Behavior\ReadHtmlCacheBehavior [ RunTime:0.000628s ]
INFO: [ app_begin ] --END-- [ RunTime:0.001049s ]
INFO: [ app_end ] --START--
INFO: Run Behavior\ShowPageTraceBehavior [ RunTime:0.000584s ]
INFO: [ app_end ] --END-- [ RunTime:0.000673s ]

[ 2017-06-04T23:32:23+08:00 ] ::1 /examLibrary/index.php/Score/test.html
INFO: [ app_begin ] --START--
INFO: Run Behavior\ReadHtmlCacheBehavior [ RunTime:0.000747s ]
INFO: [ app_begin ] --END-- [ RunTime:0.001285s ]
INFO: [ app_end ] --START--
INFO: Run Behavior\ShowPageTraceBehavior [ RunTime:0.000753s ]
INFO: [ app_end ] --END-- [ RunTime:0.000878s ]

[ 2017-06-04T23:34:03+08:00 ] ::1 /examLibrary/index.php/Score/test.html
INFO: [ app_begin ] --START--
INFO: Run Behavior\ReadHtmlCacheBehavior [ RunTime:0.000531s ]
INFO: [ app_begin ] --END-- [ RunTime:0.000941s ]
INFO: [ app_end ] --START--
INFO: Run Behavior\ShowPageTraceBehavior [ RunTime:0.000681s ]
INFO: [ app_end ] --END-- [ RunTime:0.000777s ]

[ 2017-06-04T23:34:45+08:00 ] ::1 /examLibrary/index.php/Score/grade.html
INFO: [ app_begin ] --START--
INFO: Run Behavior\ReadHtmlCacheBehavior [ RunTime:0.000582s ]
INFO: [ app_begin ] --END-- [ RunTime:0.001074s ]
INFO: [ app_end ] --START--
INFO: Run Behavior\ShowPageTraceBehavior [ RunTime:0.000732s ]
INFO: [ app_end ] --END-- [ RunTime:0.000802s ]

[ 2017-06-04T23:35:55+08:00 ] ::1 /examLibrary/index.php/Score/test.html
INFO: [ app_begin ] --START--
INFO: Run Behavior\ReadHtmlCacheBehavior [ RunTime:0.000588s ]
INFO: [ app_begin ] --END-- [ RunTime:0.001028s ]
INFO: [ app_end ] --START--
INFO: Run Behavior\ShowPageTraceBehavior [ RunTime:0.000841s ]
INFO: [ app_end ] --END-- [ RunTime:0.000951s ]

[ 2017-06-04T23:49:17+08:00 ] ::1 /examLibrary/index.php/Score/grade.html
INFO: [ app_begin ] --START--
INFO: Run Behavior\ReadHtmlCacheBehavior [ RunTime:0.000785s ]
INFO: [ app_begin ] --END-- [ RunTime:0.001293s ]
INFO: [ app_end ] --START--
INFO: Run Behavior\ShowPageTraceBehavior [ RunTime:0.000800s ]
INFO: [ app_end ] --END-- [ RunTime:0.000867s ]

[ 2017-06-04T23:51:46+08:00 ] ::1 /examLibrary/index.php/Score/grade.html
INFO: [ app_begin ] --START--
INFO: Run Behavior\ReadHtmlCacheBehavior [ RunTime:0.000866s ]
INFO: [ app_begin ] --END-- [ RunTime:0.001556s ]
INFO: [ app_end ] --START--
INFO: Run Behavior\ShowPageTraceBehavior [ RunTime:0.000804s ]
INFO: [ app_end ] --END-- [ RunTime:0.000892s ]

[ 2017-06-04T23:55:30+08:00 ] ::1 /examLibrary/index.php/Score/grade.html
INFO: [ app_begin ] --START--
INFO: Run Behavior\ReadHtmlCacheBehavior [ RunTime:0.000945s ]
INFO: [ app_begin ] --END-- [ RunTime:0.001489s ]
INFO: [ app_end ] --START--
INFO: Run Behavior\ShowPageTraceBehavior [ RunTime:0.000734s ]
INFO: [ app_end ] --END-- [ RunTime:0.000816s ]

