[ 2017-06-02T17:13:13+08:00 ] ::1 /examLibrary/admin.php/System/editstu
ERR: 非法操作:editstu

[ 2017-06-02T17:13:31+08:00 ] ::1 /examLibrary/admin.php/System/editstu
ERR: 非法操作:editstu

[ 2017-06-02T17:13:36+08:00 ] ::1 /examLibrary/admin.php/System/editstu
ERR: 非法操作:editstu

[ 2017-06-02T17:29:36+08:00 ] ::1 /examLibrary/admin.php/System/edit
ERR: 非法数据对象！

[ 2017-06-02T20:37:15+08:00 ] ::1 /examLibrary/admin.php/Question/upload.html
INFO: [ app_begin ] --START--
INFO: Run Behavior\ReadHtmlCacheBehavior [ RunTime:0.000955s ]
INFO: [ app_begin ] --END-- [ RunTime:0.001651s ]
NOTIC: [2] call_user_func() expects parameter 1 to be a valid callback, no array or string given D:\wamp5_4\www\examLibrary\ThinkPHP\Library\Think\Upload.class.php 第 170 行.
ERR: The filename Public/Uploads/20170602/59315bfb382f9.xls is not recognised as an OLE file

[ 2017-06-02T20:37:25+08:00 ] ::1 /examLibrary/admin.php/Question/upload.html
INFO: [ app_begin ] --START--
INFO: Run Behavior\ReadHtmlCacheBehavior [ RunTime:0.001324s ]
INFO: [ app_begin ] --END-- [ RunTime:0.002027s ]
NOTIC: [2] call_user_func() expects parameter 1 to be a valid callback, no array or string given D:\wamp5_4\www\examLibrary\ThinkPHP\Library\Think\Upload.class.php 第 170 行.
SQL: SHOW COLUMNS FROM `e_quest` [ RunTime:0.0065s ]
SQL: INSERT INTO `e_quest` (`tid`,`type`,`content`,`aA`,`aB`,`aC`,`aD`,`answer`) VALUES ('9','1','图书馆电子资源每天可以提供多少小时不间断服务','12','10','8','24','D') [ RunTime:0.0337s ]
SQL: INSERT INTO `e_quest` (`tid`,`type`,`content`,`aA`,`aB`,`aC`,`aD`,`answer`) VALUES ('9','1','我馆目前拥有阅览座位大约多少个？','1100','2247','4247','4400','C  ') [ RunTime:0.0004s ]
SQL: INSERT INTO `e_quest` (`tid`,`type`,`content`,`aA`,`aB`,`aC`,`aD`,`answer`) VALUES ('9','1','在“中图法”分类中，以下哪项是错误的：',' E军事',' S农业科学',' N 文学','J 艺术','C') [ RunTime:0.0002s ]
SQL: INSERT INTO `e_quest` (`tid`,`type`,`content`,`aA`,`aB`,`aC`,`aD`,`answer`) VALUES ('9','1','在图书馆书目查询系统中用中图分类号检索图书，以下哪个检索词的检索结果最少',' F8','F83','F830 ','F','C') [ RunTime:0.0002s ]
SQL: INSERT INTO `e_quest` (`tid`,`type`,`content`,`aA`,`aB`,`aC`,`aD`,`answer`) VALUES ('9','1','我馆购买的电子图书数据库有哪些？',' 超星数字图书馆','方正阿帕比教学参考电子图书','书生之家数字图书馆','以上这些都是','D') [ RunTime:0.0003s ]
SQL: INSERT INTO `e_quest` (`tid`,`type`,`content`,`aA`,`aB`,`aC`,`aD`,`answer`) VALUES ('9','1','遗失书刊，应在借书有效期限内主动到库室向管理人员说明，一般图书按原价 几倍赔偿？','1倍','2倍','3倍','4倍','C') [ RunTime:0.0005s ]
SQL: INSERT INTO `e_quest` (`tid`,`type`,`content`,`aA`,`aB`,`aC`,`aD`,`answer`) VALUES ('9','1','每本图书超期一天需交纳滞纳金','1元','0','0.01元','0.1元','D') [ RunTime:0.0003s ]
SQL: INSERT INTO `e_quest` (`tid`,`type`,`content`,`aA`,`aB`,`aC`,`aD`,`answer`) VALUES ('9','1','图书馆的闭馆时间是：','22点','23点','24点','23点半','A') [ RunTime:0.0002s ]
SQL: INSERT INTO `e_quest` (`tid`,`type`,`content`,`aA`,`aB`,`aC`,`aD`,`answer`) VALUES ('9','1','我馆馆藏纸质文献（包括图书、期刊）超过____册。','295 万 ','294 万 ','293 万 ','292 万','A ') [ RunTime:0.0003s ]
SQL: INSERT INTO `e_quest` (`tid`,`type`,`content`,`aA`,`aB`,`aC`,`aD`,`answer`) VALUES ('9','1','图书续借周期是多少天？','30天','60天','90天','120天','C') [ RunTime:0.0003s ]
SQL: INSERT INTO `e_quest` (`tid`,`type`,`content`,`aA`,`aB`,`aC`,`aD`,`answer`) VALUES ('9','1','读者所借图书可以续借一次，续借期限是多少天？','30天','60天','90天','120天','C') [ RunTime:0.0005s ]
SQL: INSERT INTO `e_quest` (`tid`,`type`,`content`,`aA`,`aB`,`aC`,`aD`,`answer`) VALUES ('9','1','读者所借图书得借阅期限是多少天？','30天','60天','90天','120天','C') [ RunTime:0.0003s ]
SQL: INSERT INTO `e_quest` (`tid`,`type`,`content`,`aA`,`aB`,`aC`,`aD`,`answer`) VALUES ('9','1','校园卡的借阅权限中，本科生每人限借多少册？ ','3册','8册','12册','20册','B') [ RunTime:0.0004s ]
SQL: INSERT INTO `e_quest` (`tid`,`type`,`content`,`aA`,`aB`,`aC`,`aD`,`answer`) VALUES ('9','1','学生读者的每本书可以续借几次','3次','1次','2次','4次','B') [ RunTime:0.0003s ]
SQL: INSERT INTO `e_quest` (`tid`,`type`,`content`,`aA`,`aB`,`aC`,`aD`,`answer`) VALUES ('9','1','联合国教科文组织从 1996 年起把每年的_____定为\"世界读书日\"。  ','4 月 21 日 ','4 月 22 日 ','4 月 23 日 ','4 月 24 日','C') [ RunTime:0.0003s ]
SQL: INSERT INTO `e_quest` (`tid`,`type`,`content`,`aA`,`aB`,`aC`,`aD`,`answer`) VALUES ('9','1','本专科生借书量限几册？','6册','8册','10册','12册','B') [ RunTime:0.0003s ]
SQL: INSERT INTO `e_quest` (`tid`,`type`,`content`,`aA`,`aB`,`aC`,`aD`,`answer`) VALUES ('9','1','早晨图书馆几点开门？','7点','8点','8点半','9点','B') [ RunTime:0.0003s ]
SQL: INSERT INTO `e_quest` (`tid`,`type`,`content`,`aA`,`aB`,`aC`,`aD`,`answer`) VALUES ('9','1','本科生图书借阅周期是多久？','7天','30天','60天','90天','D') [ RunTime:0.0003s ]
SQL: INSERT INTO `e_quest` (`tid`,`type`,`content`,`aA`,`aB`,`aC`,`aD`,`answer`) VALUES ('9','1','根据“中图法”，马克思主义、列宁主义、毛泽东思想、邓小平理论所对应的分类号为：','A','C','S','Z','A') [ RunTime:0.0002s ]
SQL: INSERT INTO `e_quest` (`tid`,`type`,`content`,`aA`,`aB`,`aC`,`aD`,`answer`) VALUES ('9','1','我馆订购下列哪种外文资源','Bio one','Proquest','SCI','CPCI-S','C') [ RunTime:0.0002s ]
SQL: INSERT INTO `e_quest` (`tid`,`type`,`content`,`aA`,`aB`,`aC`,`aD`,`answer`) VALUES ('9','1','查找中国人民大学出版社出版的阿肖克·贾夏帕拉(Ashok Jashapara)著的《知识管理》的索书号是什么？','C93/71','F270/484','G302/8','F270/597','C') [ RunTime:0.0002s ]
SQL: INSERT INTO `e_quest` (`tid`,`type`,`content`,`aA`,`aB`,`aC`,`aD`,`answer`) VALUES ('9','1','查找新华出版社出版的韦恩·C·布斯, 格雷戈里·G·卡洛姆, 约瑟夫·M·威廉姆斯著的《研究是一门艺术》的索书号是什么？','C93/72','F270/485','TB114.2/8395','G304/12','D') [ RunTime:0.0002s ]
SQL: INSERT INTO `e_quest` (`tid`,`type`,`content`,`aA`,`aB`,`aC`,`aD`,`answer`) VALUES ('9','1','下面哪个数据库可以检索到学位论文？','CNKI','超星图书','方正图书','书生之家','A') [ RunTime:0.0001s ]
SQL: INSERT INTO `e_quest` (`tid`,`type`,`content`,`aA`,`aB`,`aC`,`aD`,`answer`) VALUES ('9','1','下面哪个数据库不能检索到期刊论文？','CNKI','维普期刊','万方数据','书生之家','D') [ RunTime:0.0002s ]
SQL: INSERT INTO `e_quest` (`tid`,`type`,`content`,`aA`,`aB`,`aC`,`aD`,`answer`) VALUES ('9','1','随书光盘在哪里查询？ ','CNKI ','图书馆自有资源中的“随书光盘检索系统” ','超星发现','以上都对。 ','B') [ RunTime:0.0001s ]
SQL: INSERT INTO `e_quest` (`tid`,`type`,`content`,`aA`,`aB`,`aC`,`aD`,`answer`) VALUES ('9','1','以下哪个不是我校图书馆购买的中文数据库？','CNKI ','维普期刊','万方数据 ',' SCI','D') [ RunTime:0.0002s ]
SQL: INSERT INTO `e_quest` (`tid`,`type`,`content`,`aA`,`aB`,`aC`,`aD`,`answer`) VALUES ('9','1','以下哪个不是我校图书馆购买的外文数据库？','CSSCI',' ScienceDirect ',' EI ',' Wiley','A') [ RunTime:0.0001s ]
SQL: INSERT INTO `e_quest` (`tid`,`type`,`content`,`aA`,`aB`,`aC`,`aD`,`answer`) VALUES ('9','1','在“中图法”分类中，以下哪项是错误的：','D政治、法律','T 电工技术',' I 文学','F 经济','B') [ RunTime:0.0003s ]
SQL: INSERT INTO `e_quest` (`tid`,`type`,`content`,`aA`,`aB`,`aC`,`aD`,`answer`) VALUES ('9','1','以下属于我校图书馆的自有资源的是？','EI ','方正图书 ','青岛科技大学学术论文数据库','书生之家','C') [ RunTime:0.0003s ]
SQL: INSERT INTO `e_quest` (`tid`,`type`,`content`,`aA`,`aB`,`aC`,`aD`,`answer`) VALUES ('9','1','在图书馆书目查询系统中用中图分类号检索图书，以下哪个检索词的检索结果最少','F8 ',' F83 ','F830 ','F','C') [ RunTime:0.0003s ]
SQL: INSERT INTO `e_quest` (`tid`,`type`,`content`,`aA`,`aB`,`aC`,`aD`,`answer`) VALUES ('9','1','语言类书刊在哪一类','H 类',' I 类','B 类 ','X 类','A') [ RunTime:0.0003s ]
SQL: INSERT INTO `e_quest` (`tid`,`type`,`content`,`aA`,`aB`,`aC`,`aD`,`answer`) VALUES ('9','1','查找电子工业出版社出版的(美) 罗伯特·鲁特-伯恩斯坦等著的《创意天才的思维方法》的索书号是什么？','K826.16/8942','C52/8394','B804.4/45','TB114.2/8394','C') [ RunTime:0.0004s ]
SQL: INSERT INTO `e_quest` (`tid`,`type`,`content`,`aA`,`aB`,`aC`,`aD`,`answer`) VALUES ('9','1','查找科学出版社出版的张忠诚，伍建华主编的《高等数学》的索书号是什么？','K826.16/8943','O13/270','B804.4/46','TB114.2/8395','B') [ RunTime:0.0003s ]
SQL: INSERT INTO `e_quest` (`tid`,`type`,`content`,`aA`,`aB`,`aC`,`aD`,`answer`) VALUES ('9','1','查找科学出版社出版的徐滔滔主编的《大学物理实验教程》的索书号是什么？','K826.16/8944','C52/8394','B804.4/47','O4-33/71','D') [ RunTime:0.0002s ]
SQL: INSERT INTO `e_quest` (`tid`,`type`,`content`,`aA`,`aB`,`aC`,`aD`,`answer`) VALUES ('9','1','查找华东理工大学出版社出版的潘小青、陆俊发主编的《大学物理实验教程》的索书号是什么？','O4-33/39','C52/8395','B804.4/48','TB114.2/8395','A') [ RunTime:0.0003s ]
SQL: INSERT INTO `e_quest` (`tid`,`type`,`content`,`aA`,`aB`,`aC`,`aD`,`answer`) VALUES ('9','1','查找 高等教育出版社出版的吴范宏、任玉杰主编的《有机化学》的索书号是什么？','O62/112','C52/8396','B804.4/49','TB114.2/8396','A') [ RunTime:0.0003s ]
SQL: INSERT INTO `e_quest` (`tid`,`type`,`content`,`aA`,`aB`,`aC`,`aD`,`answer`) VALUES ('9','1','图书馆采用______集成管理系统搭建统一的内部业务系统平台，实现了日常办公、文献  信息资源建设、管理和服务的全面自动化和网络化，以及全校文献资源的共知和共享','OPAC',' INTERLI ','LINUX','以上都不是','B') [ RunTime:0.0005s ]
SQL: INSERT INTO `e_quest` (`tid`,`type`,`content`,`aA`,`aB`,`aC`,`aD`,`answer`) VALUES ('9','1','联机公共目录查询系统，英文缩写为_____，是图书馆自动化系统面向用户的窗口。','OPAC','IFLA ','OCLC ','NSTL','A') [ RunTime:0.0003s ]
SQL: INSERT INTO `e_quest` (`tid`,`type`,`content`,`aA`,`aB`,`aC`,`aD`,`answer`) VALUES ('9','1','根据“中图法”，航空、航天所对应的分类号为：','P','V','K　','U','B') [ RunTime:0.0002s ]
SQL: INSERT INTO `e_quest` (`tid`,`type`,`content`,`aA`,`aB`,`aC`,`aD`,`answer`) VALUES ('9','1','在“中图法”分类中，以下哪项是正确的：','P天文学、地球科学 ','V交通运输 ','O医药、卫生 ','Q农业科学','A') [ RunTime:0.0003s ]
SQL: INSERT INTO `e_quest` (`tid`,`type`,`content`,`aA`,`aB`,`aC`,`aD`,`answer`) VALUES ('9','1','以下属于我校图书馆的自有资源的是？','SCI ','超星图书','青岛科技大学学术专著数据库','CNKI','C') [ RunTime:0.0003s ]
SQL: INSERT INTO `e_quest` (`tid`,`type`,`content`,`aA`,`aB`,`aC`,`aD`,`answer`) VALUES ('9','1','在电脑上阅读超星电子图书需要下载____浏览器 ','ssreader  ','Adoe Reader ','CajViewer ','以上都不是','A ') [ RunTime:0.0003s ]
SQL: INSERT INTO `e_quest` (`tid`,`type`,`content`,`aA`,`aB`,`aC`,`aD`,`answer`) VALUES ('9','1','在“中图法”分类中，以下哪项是错误的：','T 工业技术','H语言、文字','I文学 ',' F 数理科学','D') [ RunTime:0.0003s ]
SQL: INSERT INTO `e_quest` (`tid`,`type`,`content`,`aA`,`aB`,`aC`,`aD`,`answer`) VALUES ('9','1','根据“中图法”，以下分类号与学科对应正确的是：','T 哲学、宗教','U　经济','H　语言、文字','I 历史、地理 ','C') [ RunTime:0.0003s ]
SQL: INSERT INTO `e_quest` (`tid`,`type`,`content`,`aA`,`aB`,`aC`,`aD`,`answer`) VALUES ('9','1','下列哪组号码是索书号','TN410.2  ','TN410.2/193 ','4044383','978-7-122-07626-7','B') [ RunTime:0.0003s ]
SQL: INSERT INTO `e_quest` (`tid`,`type`,`content`,`aA`,`aB`,`aC`,`aD`,`answer`) VALUES ('9','1','在图书馆馆藏目录检索中，关于“计算机网络/谢希仁编著.-第4版.-北京：电子工业出版社，2003.7-5053-8786-3. TP393/Z140.要通过责任者查询，请输入以下哪一项可以查询到该书','TP393/Z140','7-5053-8786-3','电子工业出版社','谢希仁','D') [ RunTime:0.0003s ]
SQL: INSERT INTO `e_quest` (`tid`,`type`,`content`,`aA`,`aB`,`aC`,`aD`,`answer`) VALUES ('9','1','查找科学出版社出版的周献中主编的《自动化导论》的索书号是什么？','U664.1/12','TB114.2/8395','TP2/2.2版','TH86/18','C') [ RunTime:0.0003s ]
SQL: INSERT INTO `e_quest` (`tid`,`type`,`content`,`aA`,`aB`,`aC`,`aD`,`answer`) VALUES ('9','1','查找2013年高等教育出版社出版的胡春主编的《有机化学》的索书号是什么？','U664.1/13','O62/110','TP2/2.3版','TH86/19','B') [ RunTime:0.0003s ]
SQL: INSERT INTO `e_quest` (`tid`,`type`,`content`,`aA`,`aB`,`aC`,`aD`,`answer`) VALUES ('9','1','查找2016年科学出版社出版的刘霞主编的《分析化学实验》的索书号是什么？','U664.1/14','F270/484','O652.1/19','TH86/20','C') [ RunTime:0.0003s ]
SQL: INSERT INTO `e_quest` (`tid`,`type`,`content`,`aA`,`aB`,`aC`,`aD`,`answer`) VALUES ('9','1','根据“中图法”，以下分类号对应正确的是：','W　医药、卫生','T　交通运输','K　社会科学总论','N　自然科学总论','D') [ RunTime:0.0002s ]
SQL: INSERT INTO `e_quest` (`tid`,`type`,`content`,`aA`,`aB`,`aC`,`aD`,`answer`) VALUES ('9','1','外文图书如何排列？','按图书的索书号排列','按书名的字母顺序排列','按图书的主题顺序排列','按图书的分类号排列','A') [ RunTime:0.0004s ]
SQL: INSERT INTO `e_quest` (`tid`,`type`,`content`,`aA`,`aB`,`aC`,`aD`,`answer`) VALUES ('9','1','如何办理图书续借手续？','把书带到图书馆，先还书，再请工作人员帮助续借一次。','不能通过图书馆主页自己在网上续借','只能凭自己的“一卡通”到总出纳台处请工作人员帮助办理续借手续','通过图书馆主页在自己所借图书的“应还日期”到期前15天内，自己在网上办理续借手续。','D') [ RunTime:0.0003s ]
SQL: INSERT INTO `e_quest` (`tid`,`type`,`content`,`aA`,`aB`,`aC`,`aD`,`answer`) VALUES ('9','1','校园卡的借阅权限是如何规定的？','本科学生每人限借8册，借期为90天','教师和研究生每人限借12册，借期为90天','同等学历、进修生每人限借图书12册，借期为90天','以上三者都对','D') [ RunTime:0.0003s ]
SQL: INSERT INTO `e_quest` (`tid`,`type`,`content`,`aA`,`aB`,`aC`,`aD`,`answer`) VALUES ('9','1','为什么不能在图书馆里饮用有色的饮料和吃食品？ ','避免污染文献。 ','避免污染家具和设备。 ','避免污染环境。 ','以上三者均对。 ','D') [ RunTime:0.0002s ]
SQL: INSERT INTO `e_quest` (`tid`,`type`,`content`,`aA`,`aB`,`aC`,`aD`,`answer`) VALUES ('9','1','下列哪种检索途径，从理论上能够检索得更全面一些？','标题','关键词','主题词','以上都不是','C') [ RunTime:0.0002s ]
SQL: INSERT INTO `e_quest` (`tid`,`type`,`content`,`aA`,`aB`,`aC`,`aD`,`answer`) VALUES ('9','1','样本、工具书阅览室的图书，为我校图书馆的重要藏书，其功能为我校图书馆重点保存藏书及提供师生查阅所用。为更好地保存藏书及提供师生查阅服务，进入该阅览室，以下行为正确的是： ','不带包（包括计算机包）入内，进出须经过监测仪。 ','可以带包入内。','进出不用经过监测仪。 ','以上都不对。','A') [ RunTime:0.0007s ]
SQL: INSERT INTO `e_quest` (`tid`,`type`,`content`,`aA`,`aB`,`aC`,`aD`,`answer`) VALUES ('9','1','图书馆电子资源开放时间段？','不定期开放 ','全年开放','暑假期间不开放','周二下午不开放','B') [ RunTime:0.0003s ]
SQL: INSERT INTO `e_quest` (`tid`,`type`,`content`,`aA`,`aB`,`aC`,`aD`,`answer`) VALUES ('9','1','借书需要证件吗？','不需要','需要，需出示本人的“身份证”','需要，需出示本人的“青岛科技大学校园卡”','需要，可出示别人的“青岛科技大学校园卡”','C') [ RunTime:0.0003s ]
SQL: INSERT INTO `e_quest` (`tid`,`type`,`content`,`aA`,`aB`,`aC`,`aD`,`answer`) VALUES ('9','1','本科生读者小陈于 12 月 20 日借了一本书，学校 1 月 20 日放假，2 月 22 日开学。小陈  2 月 23 日还书时，他要支付____元超期款。 ','不需要支付超期款，因为寒、暑假期间到期图书可于开学后两周内归还，不算超期； ','0.2 元','0.3元','以上说法都不对。','A') [ RunTime:0.0002s ]
SQL: INSERT INTO `e_quest` (`tid`,`type`,`content`,`aA`,`aB`,`aC`,`aD`,`answer`) VALUES ('9','1','自修室可以用书包、书本等物件占座位吗','不允许','允许','有时可以','位子小事情，随时可以','A') [ RunTime:0.0002s ]
SQL: INSERT INTO `e_quest` (`tid`,`type`,`content`,`aA`,`aB`,`aC`,`aD`,`answer`) VALUES ('9','1','图书馆文献在架位上的整序即排架，方法有很多种，我馆采用分类排架法。以下错误的是:','采用《中图法》进行分类','排架的顺序是，面对书架，从左上角开始一直往下，一直到架尾','分类号是由字母和数字组合来表示的。字母部分按英语字母表顺序排列，数字部分按数字大小排列','排架的顺序是，面对书架，从架尾开始，从下开始往上','D') [ RunTime:0.0002s ]
SQL: INSERT INTO `e_quest` (`tid`,`type`,`content`,`aA`,`aB`,`aC`,`aD`,`answer`) VALUES ('9','1','下面哪个数据库可以检索到期刊论文？','超星图书','CNKI','方正图书','书生之家','B') [ RunTime:0.0003s ]
SQL: INSERT INTO `e_quest` (`tid`,`type`,`content`,`aA`,`aB`,`aC`,`aD`,`answer`) VALUES ('9','1','以下哪个数字资源不属于本科生常用的三大电子图书数据库','超星图书','方正图书 ','书生之家','国家科技图书文献中心','D') [ RunTime:0.0004s ]
SQL: INSERT INTO `e_quest` (`tid`,`type`,`content`,`aA`,`aB`,`aC`,`aD`,`answer`) VALUES ('9','1','在书架上寻找所需图书时，以下哪种做法是错误的?','抽放时都要保持书籍整齐','不需借阅的书籍尽量放回原处','找不到位置时放置于原借阅室周转架或原架位边','随意抽放','D') [ RunTime:0.0003s ]
SQL: INSERT INTO `e_quest` (`tid`,`type`,`content`,`aA`,`aB`,`aC`,`aD`,`answer`) VALUES ('9','1','我校图书馆的排架规则是','从左至右，由上到下','读者面向书架，从左至右，由上到下 ','从左至右 ','由上到下','B') [ RunTime:0.0003s ]
SQL: INSERT INTO `e_quest` (`tid`,`type`,`content`,`aA`,`aB`,`aC`,`aD`,`answer`) VALUES ('9','1','现刊是指？ ','当年出版的放置在现刊架上的期刊，或上一年出版但仍放在现刊架上尚未装订成合订本的期刊','往年出版的、已装成合订本或尚未到齐散放在过刊架上的期刊','当年出版的放置在现刊架上的期刊','以上都对','A') [ RunTime:0.0005s ]
SQL: INSERT INTO `e_quest` (`tid`,`type`,`content`,`aA`,`aB`,`aC`,`aD`,`answer`) VALUES ('9','1','在我校图书馆找不到所需的文献资料怎么办？ ','到资料室找。 ','到网上找。  ','向图书馆信息咨询部申请办理文献传递和馆际互借服务。 ','以上方法都可以。 ','D') [ RunTime:0.0002s ]
SQL: INSERT INTO `e_quest` (`tid`,`type`,`content`,`aA`,`aB`,`aC`,`aD`,`answer`) VALUES ('9','1','如何登入“我的图书馆”？','登录图书馆主页，在图书馆主页右上角，点击“移动图书馆”，输入本人一卡通的号码、密码，确认后即可以登陆“我的图书馆”','登录图书馆主页，在图书馆主页右上角，点击“我的图书馆”，输入本人一卡通的号码、密码，确认后即可以登陆“我的图书馆”','以上均错','','B') [ RunTime:0.0002s ]
SQL: INSERT INTO `e_quest` (`tid`,`type`,`content`,`aA`,`aB`,`aC`,`aD`,`answer`) VALUES ('9','1','超星数字图书馆提供的资源类型是  ','电子图书 ','电子期刊  ','电子图书和电子期刊 ','电子标准','A') [ RunTime:0.0002s ]
SQL: INSERT INTO `e_quest` (`tid`,`type`,`content`,`aA`,`aB`,`aC`,`aD`,`answer`) VALUES ('9','1','“一卡通”在图书馆的使用要求？','读者凭借“一卡通”方可办理图书外借手续。 ','一卡通只限本人使用，不得转借他人或代他人借阅。 ','以上均正确','','C') [ RunTime:0.0002s ]
SQL: INSERT INTO `e_quest` (`tid`,`type`,`content`,`aA`,`aB`,`aC`,`aD`,`answer`) VALUES ('9','1','下列说法不正确的是？','读者勿将食品、饮料等带入借阅室。馆内严禁吸烟，禁止高声喧哗，务请关闭手机，不得随地吐痰、乱扔杂物','阅览室内的查询机仅供读者查询之用，请勿在查询机上使用自带光盘、打印和编排文章','维持室内秩序，请勿用物品抢占座位。如在室内使用手提电脑，请勿发出声音','读者应该爱惜图书，可以在图书上涂画、批注，撕书页或用其他方式损坏图书。也可以在阅览桌椅上刻画','D') [ RunTime:0.0004s ]
SQL: INSERT INTO `e_quest` (`tid`,`type`,`content`,`aA`,`aB`,`aC`,`aD`,`answer`) VALUES ('9','1','四方校区图书馆科技书库所在的楼层为：','二层','三层','四层','一层','A') [ RunTime:0.0002s ]
SQL: INSERT INTO `e_quest` (`tid`,`type`,`content`,`aA`,`aB`,`aC`,`aD`,`answer`) VALUES ('9','1','“一卡通”借阅权限是如何规定的？','根据读者需要和我校图书馆藏书情况，限定在借图书：教师、研究生每人12册，本、专科学生每人8册。','根据个人需要随时借阅，册数不限','以上均不正确','','A') [ RunTime:0.0002s ]
SQL: INSERT INTO `e_quest` (`tid`,`type`,`content`,`aA`,`aB`,`aC`,`aD`,`answer`) VALUES ('9','1','若了解图书馆的馆藏分布，应查看图书馆主页中的哪个栏目？ ','馆藏目录','我校图书馆概况','超星发现','开放时间','A') [ RunTime:0.0002s ]
SQL: INSERT INTO `e_quest` (`tid`,`type`,`content`,`aA`,`aB`,`aC`,`aD`,`answer`) VALUES ('9','1','ISBN号是什么？','国际标准书号','国际标准连续出版物书号','中文图书书号','中文报刊刊号','A') [ RunTime:0.0002s ]
SQL: INSERT INTO `e_quest` (`tid`,`type`,`content`,`aA`,`aB`,`aC`,`aD`,`answer`) VALUES ('9','1','ISSN号是什么？','国际标准书号','国际标准连续出版物书号','中文图书书号','中文报刊刊号','B') [ RunTime:0.0002s ]
SQL: INSERT INTO `e_quest` (`tid`,`type`,`content`,`aA`,`aB`,`aC`,`aD`,`answer`) VALUES ('9','1','报纸能否外借？ ','过期报纸可以外借。 ','不能外借，只供室内阅览。 ','有部分可以外借。  ','可以外借，只要值班老师同意即可。 ','B') [ RunTime:0.0002s ]
SQL: INSERT INTO `e_quest` (`tid`,`type`,`content`,`aA`,`aB`,`aC`,`aD`,`answer`) VALUES ('9','1','发现图书馆公用电脑出现故障怎样正确处理？ ','换一台机使用。 ','及时告诉工作人员。 ','自己动手修。 ','','B') [ RunTime:0.0003s ]
SQL: INSERT INTO `e_quest` (`tid`,`type`,`content`,`aA`,`aB`,`aC`,`aD`,`answer`) VALUES ('9','1','图书馆书目查询系统不能提供的服务是 ','检索图书馆书目； ','下载电子图书； ','查询读者借书信息； ','向图书馆荐购图书','B') [ RunTime:0.0003s ]
SQL: INSERT INTO `e_quest` (`tid`,`type`,`content`,`aA`,`aB`,`aC`,`aD`,`answer`) VALUES ('9','1','图书逾期归还(超过宽限期)，应如何处理?','将按每册图书每天0.10元（含宽限期）收取图书超期使用费','将按每册图书每天0.20元（含宽限期）收取图书超期使用费','将按每册图书每天1.00元（含宽限期）收取图书超期使用费',' 不处理','A') [ RunTime:0.0003s ]
SQL: INSERT INTO `e_quest` (`tid`,`type`,`content`,`aA`,`aB`,`aC`,`aD`,`answer`) VALUES ('9','1','读者通过人工办理借还图书手续前，应做哪些事情','将校园卡交给工作人员','检查所借图书是否有划痕、污迹及破损等情况。如有上述情况，请及时告知工作人员，由工作人员作相应记录','仔细核对电脑显示的读者姓名、借还图书册数、书名以及有无禁制等内容，避免发生差错','以上三者均对','D') [ RunTime:0.0003s ]
SQL: INSERT INTO `e_quest` (`tid`,`type`,`content`,`aA`,`aB`,`aC`,`aD`,`answer`) VALUES ('9','1',' 读者在办理借还图书手续前，应做哪些事情？','将校园卡交给工作人员。','检查所借图书是否有划痕、污迹及破损等情况。如有上述情况，请及时告知工作人员，由工作人员作相应记录。','','','B') [ RunTime:0.0003s ]
SQL: INSERT INTO `e_quest` (`tid`,`type`,`content`,`aA`,`aB`,`aC`,`aD`,`answer`) VALUES ('9','1','学校教育的三大支柱是  ','教师、学生、图书馆； ','教师、图书馆、实验室； ','教授、学生、教室； ','以上都不是','B') [ RunTime:0.0003s ]
SQL: INSERT INTO `e_quest` (`tid`,`type`,`content`,`aA`,`aB`,`aC`,`aD`,`answer`) VALUES ('9','1','不能通过____续借图书。','借阅大厅前台  ','图书馆网页\"我的图书馆\"','超星数字图书馆 ','图书馆微信公众号','C') [ RunTime:0.0003s ]
SQL: INSERT INTO `e_quest` (`tid`,`type`,`content`,`aA`,`aB`,`aC`,`aD`,`answer`) VALUES ('9','1','不能通过________续借图书。','借阅大厅前台  ','图书馆网页“我的图书馆” ','超星数字图书馆 ','图书馆微信公众号','C ') [ RunTime:0.0003s ]
SQL: INSERT INTO `e_quest` (`tid`,`type`,`content`,`aA`,`aB`,`aC`,`aD`,`answer`) VALUES ('9','1','在四方校区图书馆能借到崂山校区图书馆的图书吗？','可以','不可以','不一定','以上都对','A') [ RunTime:0.0002s ]
SQL: INSERT INTO `e_quest` (`tid`,`type`,`content`,`aA`,`aB`,`aC`,`aD`,`answer`) VALUES ('9','1','样本书库的书可以出借吗？','可以','不可以','不一定','以上三个都对','B') [ RunTime:0.0003s ]
SQL: INSERT INTO `e_quest` (`tid`,`type`,`content`,`aA`,`aB`,`aC`,`aD`,`answer`) VALUES ('9','1','校园卡上有过期的书，还可以借书吗？ ','可以','不可以，归还过期图书后才可以借书。 ','不一定。','以上三个都对。 ','B') [ RunTime:0.0004s ]
SQL: INSERT INTO `e_quest` (`tid`,`type`,`content`,`aA`,`aB`,`aC`,`aD`,`answer`) VALUES ('9','1','不到图书馆可以续借图书吗？','可以，公共查询系统提供联机续借功能，本校读者在校园网IP范围内任何一台联网计算机上都可自行办理续借图书的手续。','不可以，必须携带本人“一卡通”到各馆总出纳台办理续借图书的手续。','不可以，必须携带本人“一卡通”到电子阅览室办理续借图书的手续。','不可以，必须携带本人“一卡通”到办证处办理续借图书的手续。','A') [ RunTime:0.0003s ]
SQL: INSERT INTO `e_quest` (`tid`,`type`,`content`,`aA`,`aB`,`aC`,`aD`,`answer`) VALUES ('9','1','在图书馆走廊里可以大声背书或朗读吗？  ','可以，图书馆本来是学习的场所，允许背书或朗读。  ','不可以，图书馆是公共场所，应该保持安静，不允许背书或朗读。 ','两者都对。 ','','B') [ RunTime:0.0003s ]
SQL: INSERT INTO `e_quest` (`tid`,`type`,`content`,`aA`,`aB`,`aC`,`aD`,`answer`) VALUES ('9','1','在图书馆电子阅览室内，读者可以玩网络游戏吗？ ','可以。 ','不可以。  ','偶尔玩一下又何妨。 ','反正有网络不玩也是浪费。 ','B') [ RunTime:0.0004s ]
SQL: INSERT INTO `e_quest` (`tid`,`type`,`content`,`aA`,`aB`,`aC`,`aD`,`answer`) VALUES ('9','1','校园卡上有过期的书，还可以借书吗？ ','可以。  ',' 不可以，归还过期图书后才可以借书。 ','不一定。 ','以上三个都对。 ','B') [ RunTime:0.0003s ]
SQL: INSERT INTO `e_quest` (`tid`,`type`,`content`,`aA`,`aB`,`aC`,`aD`,`answer`) VALUES ('9','1','可以穿背心、拖鞋或带钉的鞋到图书馆学习吗？ ','可以。  ',' 不可以，图书馆是公共场所，应该注意自身的形象。 ','随便','','B') [ RunTime:0.0002s ]
SQL: INSERT INTO `e_quest` (`tid`,`type`,`content`,`aA`,`aB`,`aC`,`aD`,`answer`) VALUES ('9','1','样本、工具书阅览室的书可以出借吗？ ','可以。  ','不可以，样本、工具书阅览室图书只供室内阅览。 ','不一定。 ','以上三个都对。 ','B') [ RunTime:0.0002s ]
SQL: INSERT INTO `e_quest` (`tid`,`type`,`content`,`aA`,`aB`,`aC`,`aD`,`answer`) VALUES ('9','1','不到图书馆可以续借图书吗？  ','可以。公共查询系统提供联机续借功能，本校读者在校园网IP范围内任何一台联网计算机上都可自行办理续借图书的手续。  ','不可以，必须携带本人借阅证到各馆总出纳台办理续借图书的手续。 ','不可以，必须携带本人借阅证到电子阅览室办理续借图书的手续。 ','不可以，必须携带本人借阅证到办证处办理续借图书的手续。 ','A') [ RunTime:0.0002s ]
SQL: INSERT INTO `e_quest` (`tid`,`type`,`content`,`aA`,`aB`,`aC`,`aD`,`answer`) VALUES ('9','1','关于我校图书馆读者检索，以下说法错误的是','可以从图书馆主页上查询图书馆文献资源','可以从图书馆主页上查询个人借阅情况','可以在检索框内利用语音输入检索文献','右以利图书馆移动图书馆检索文献和个人借阅情况','C') [ RunTime:0.0002s ]
SQL: INSERT INTO `e_quest` (`tid`,`type`,`content`,`aA`,`aB`,`aC`,`aD`,`answer`) VALUES ('9','1','学位论文《流动注射滴定分析及其应用研究》的作者是:','卢俊峰',' 孙力','徐强','王刚','C') [ RunTime:0.0002s ]
SQL: INSERT INTO `e_quest` (`tid`,`type`,`content`,`aA`,`aB`,`aC`,`aD`,`answer`) VALUES ('9','1','ACS 什么意思？','美国化学学会','美国物理学会','美国光学学会','美国生物学会','A') [ RunTime:0.0002s ]
SQL: INSERT INTO `e_quest` (`tid`,`type`,`content`,`aA`,`aB`,`aC`,`aD`,`answer`) VALUES ('9','1','能在图书馆书目检索系统中查询外文图书吗？','能','不能','只能查中文图书书目，不能查外文图书书目','以上都对','A') [ RunTime:0.0002s ]
SQL: INSERT INTO `e_quest` (`tid`,`type`,`content`,`aA`,`aB`,`aC`,`aD`,`answer`) VALUES ('9','1','在“我的图书馆”的“借阅查询”模块中，能否了解读者所借图书的书名：','能 ','不能','','','A') [ RunTime:0.0002s ]
SQL: INSERT INTO `e_quest` (`tid`,`type`,`content`,`aA`,`aB`,`aC`,`aD`,`answer`) VALUES ('9','1','在“我的图书馆”的“借阅查询”模块中，能否了解读者所借图书的借、还书日期：','能 ','不能','','','A') [ RunTime:0.0003s ]
SQL: INSERT INTO `e_quest` (`tid`,`type`,`content`,`aA`,`aB`,`aC`,`aD`,`answer`) VALUES ('9','1','图书馆闭馆后借阅室内能否存放读者物品？ ','能。 ','不能。 ','不一定。 ','随便。 ','B') [ RunTime:0.0003s ]
SQL: INSERT INTO `e_quest` (`tid`,`type`,`content`,`aA`,`aB`,`aC`,`aD`,`answer`) VALUES ('9','1','图书馆阅览区外任何地方都能吸烟吗？ ','能。  ','不能。图书馆是重点防火单位，馆内任何地方严禁吸烟。 ','看情况，有的地方可以吸烟。 ','','B  ') [ RunTime:0.0003s ]
SQL: INSERT INTO `e_quest` (`tid`,`type`,`content`,`aA`,`aB`,`aC`,`aD`,`answer`) VALUES ('9','1','若校园卡不慎丢失，应如何处理？','若校园卡不慎丢失，为避免造成不必要的损失，请读者尽快挂失。','校园卡不慎丢失就算了。','校园卡不慎丢失后，可以拿同学的校园卡借书。','以上三者均错。','A') [ RunTime:0.0156s ]
SQL: INSERT INTO `e_quest` (`tid`,`type`,`content`,`aA`,`aB`,`aC`,`aD`,`answer`) VALUES ('9','1','若校园卡不慎丢失，应如何处理？ ','若校园卡不慎丢失，为避免造成不必要的损失，请读者尽快挂失。','校园卡不慎丢失就算了。 ','校园卡不慎丢失后，可以拿同学的校园卡借书。 ','以上三者均错。','A') [ RunTime:0.0003s ]
SQL: INSERT INTO `e_quest` (`tid`,`type`,`content`,`aA`,`aB`,`aC`,`aD`,`answer`) VALUES ('9','1','中国图书馆分类法》第五版共有多少类','十六个大类','二十二个大类','二十八个大类','二十六个大类','B') [ RunTime:0.0002s ]
SQL: INSERT INTO `e_quest` (`tid`,`type`,`content`,`aA`,`aB`,`aC`,`aD`,`answer`) VALUES ('9','1','可以在公共检索机做什么？  ','使用软盘、U盘下载资料，使用光盘看影视，收发邮件。 ','编辑自己的文档。  ','查询馆藏和个人借阅信息；进行自助图书续借等操作。 ','任意上网。 ','C') [ RunTime:0.0003s ]
SQL: INSERT INTO `e_quest` (`tid`,`type`,`content`,`aA`,`aB`,`aC`,`aD`,`answer`) VALUES ('9','1','我校崂山校区图书馆是主馆吗？','是 ','否','','','A') [ RunTime:0.0003s ]
SQL: INSERT INTO `e_quest` (`tid`,`type`,`content`,`aA`,`aB`,`aC`,`aD`,`answer`) VALUES ('9','1','我校崂山、四方、高密三校区图书馆都是综合馆吗？','是 ','否','','','A') [ RunTime:0.0004s ]
SQL: INSERT INTO `e_quest` (`tid`,`type`,`content`,`aA`,`aB`,`aC`,`aD`,`answer`) VALUES ('9','1','我校高密校区图书馆大楼前的提字是莫言写的吗？','是 ','否','','','A') [ RunTime:0.0004s ]
SQL: INSERT INTO `e_quest` (`tid`,`type`,`content`,`aA`,`aB`,`aC`,`aD`,`answer`) VALUES ('9','1','索书号是图书馆赋予每一种馆藏图书的号码，这种号码具有一定结构并带有特定的意义。这句话是否正确？','是 ','否','','','A') [ RunTime:0.0002s ]
SQL: INSERT INTO `e_quest` (`tid`,`type`,`content`,`aA`,`aB`,`aC`,`aD`,`answer`) VALUES ('9','1','莫言是我校的客座教授，并为 “红高粱文学社”题字，这句话是否正确？','是 ','否','','','A') [ RunTime:0.0002s ]
SQL: INSERT INTO `e_quest` (`tid`,`type`,`content`,`aA`,`aB`,`aC`,`aD`,`answer`) VALUES ('9','1','我校三校区图书馆里只有崂山校区图书馆里有电子阅览室吗？','是 ','否','','','B') [ RunTime:0.0003s ]
SQL: INSERT INTO `e_quest` (`tid`,`type`,`content`,`aA`,`aB`,`aC`,`aD`,`answer`) VALUES ('9','1','我馆外文书库中是否收藏图书《英语测试题集》？','收藏 ','不收藏','','','A') [ RunTime:0.0003s ]
SQL: INSERT INTO `e_quest` (`tid`,`type`,`content`,`aA`,`aB`,`aC`,`aD`,`answer`) VALUES ('9','1','我校图书馆数据库中是否收录本校博士学位论文','收录','不收录','','','A') [ RunTime:0.0002s ]
SQL: INSERT INTO `e_quest` (`tid`,`type`,`content`,`aA`,`aB`,`aC`,`aD`,`answer`) VALUES ('9','1','读者在图书馆阅览室内，严禁出现以下哪一类行为','手机静音调至振动','不在馆内张贴或散发广告','出声诵读或大声喧哗','不随地吐痰、不乱扔废弃物','C') [ RunTime:0.0002s ]
SQL: INSERT INTO `e_quest` (`tid`,`type`,`content`,`aA`,`aB`,`aC`,`aD`,`answer`) VALUES ('9','1','查询读者自己借书册数及所借图书日期，选用的查询系统的模块是：','书目查询','我的图书馆','读者查询','中文新书通报','B') [ RunTime:0.0003s ]
SQL: INSERT INTO `e_quest` (`tid`,`type`,`content`,`aA`,`aB`,`aC`,`aD`,`answer`) VALUES ('9','1','在图书馆发现物品丢失怎么办？ ','算了。  ','到三楼图书馆办公室询问。 ','到一楼物业管理办公室询问。 ','B和C对。 ','D') [ RunTime:0.0005s ]
SQL: INSERT INTO `e_quest` (`tid`,`type`,`content`,`aA`,`aB`,`aC`,`aD`,`answer`) VALUES ('9','1','我馆图书中的“F713.3/16”是指：','索书号','分类号','种次号','','A') [ RunTime:0.0005s ]
SQL: INSERT INTO `e_quest` (`tid`,`type`,`content`,`aA`,`aB`,`aC`,`aD`,`answer`) VALUES ('9','1','我馆图书中的“F251.2”是指：','索书号','分类号','种次号','','B') [ RunTime:0.0003s ]
SQL: INSERT INTO `e_quest` (`tid`,`type`,`content`,`aA`,`aB`,`aC`,`aD`,`answer`) VALUES ('9','1','我馆图书中的“F713.3/16”中的16是指：','索书号','分类号','种次号','','C') [ RunTime:0.0002s ]
SQL: INSERT INTO `e_quest` (`tid`,`type`,`content`,`aA`,`aB`,`aC`,`aD`,`answer`) VALUES ('9','1','关于索书号说法错误的是','图书馆藏书排架用的编码，又称索取号，是文献外借和馆藏清点的主要依据；','一般由分行排列的几组号码组成，我馆藏书索书号贴在书脊下方的书标上；','一个索书号只能代表一种书；','一个索书号只能代表一本书','D') [ RunTime:0.0002s ]
SQL: INSERT INTO `e_quest` (`tid`,`type`,`content`,`aA`,`aB`,`aC`,`aD`,`answer`) VALUES ('9','1','读者到图书馆借书时，随身携带的书包、书籍等用品不能带入书库时，应该放在何处？','图书馆大厅平台 ','存包柜 ','随便找个合适的地方  ','找老师帮忙','B') [ RunTime:0.0002s ]
SQL: INSERT INTO `e_quest` (`tid`,`type`,`content`,`aA`,`aB`,`aC`,`aD`,`answer`) VALUES ('9','1','通过青岛科技大学微信可以获取到得信息有：','图书馆的通知公告','数据库开通和试用','数字资源讲座培训','以上都是','D') [ RunTime:0.0002s ]
SQL: INSERT INTO `e_quest` (`tid`,`type`,`content`,`aA`,`aB`,`aC`,`aD`,`answer`) VALUES ('9','1','以下哪种行为是对的？','图书馆是学习的场所，需要一个安静的环境。读者入馆请关闭手机或将手机调为振动，轻声交谈，保持安静','在图书馆走廊里可以大声交谈','可以借用他人校园卡入馆','在阅览室内可以吃东西','A') [ RunTime:0.0002s ]
SQL: INSERT INTO `e_quest` (`tid`,`type`,`content`,`aA`,`aB`,`aC`,`aD`,`answer`) VALUES ('9','1',' 以下哪个数字资源不属于本科生常用的三大期刊数据库','万方数据','维普资讯  ','CNKI 中国知网  ','国家科技图书文献中心','D  ') [ RunTime:0.0002s ]
SQL: INSERT INTO `e_quest` (`tid`,`type`,`content`,`aA`,`aB`,`aC`,`aD`,`answer`) VALUES ('9','1','青岛科技大学图书馆提供以下什么服务？','网上预约','学科馆员服务','RFID自助借还','拍摄数码照片','B') [ RunTime:0.0005s ]
SQL: INSERT INTO `e_quest` (`tid`,`type`,`content`,`aA`,`aB`,`aC`,`aD`,`answer`) VALUES ('9','1','CAJViewer 是____网专用全文格式阅读器。','维普','万方','知网','博看','C') [ RunTime:0.0002s ]
SQL: INSERT INTO `e_quest` (`tid`,`type`,`content`,`aA`,`aB`,`aC`,`aD`,`answer`) VALUES ('9','1','根据《中图法》分类，下面不属于G大类的图书类别为：','文化','教育','报告文学','体育','C') [ RunTime:0.0003s ]
SQL: INSERT INTO `e_quest` (`tid`,`type`,`content`,`aA`,`aB`,`aC`,`aD`,`answer`) VALUES ('9','1',' 以下哪项服务不属于图书馆参考咨询部的业务范围','文献传递 ','培训讲座 ','学科服务 ','随书光盘','D  ') [ RunTime:0.0002s ]
SQL: INSERT INTO `e_quest` (`tid`,`type`,`content`,`aA`,`aB`,`aC`,`aD`,`answer`) VALUES ('9','1','《中图法》的分类体系结构是用字母来表示的，J 代表','文学','语言','艺术','经济','C') [ RunTime:0.0003s ]
SQL: INSERT INTO `e_quest` (`tid`,`type`,`content`,`aA`,`aB`,`aC`,`aD`,`answer`) VALUES ('9','1','《中图法》的分类体系结构是用字母来表示的，J 代表','文学 ','语言 ','艺术 ','经济','C') [ RunTime:0.0003s ]
SQL: INSERT INTO `e_quest` (`tid`,`type`,`content`,`aA`,`aB`,`aC`,`aD`,`answer`) VALUES ('9','1','图书网上续借可通过哪种方式实现操作','我的图书馆','电子邮箱','VPN','在线咨询','A') [ RunTime:0.0003s ]
SQL: INSERT INTO `e_quest` (`tid`,`type`,`content`,`aA`,`aB`,`aC`,`aD`,`answer`) VALUES ('9','1','以下说法不正确的是：','我校崂山校区和四方校区的图书可以通借通还','图书续借周期是90天','藏、借、阅、查询一体化服务','图书馆内所有的图书、期刊均可外借','D') [ RunTime:0.0002s ]
SQL: INSERT INTO `e_quest` (`tid`,`type`,`content`,`aA`,`aB`,`aC`,`aD`,`answer`) VALUES ('9','1','成套多卷本，遗失其中的一册或多册，按下例哪种方式赔偿','无需赔偿','按全套价格赔偿','只需赔偿其中的一册可数册','B和C都可以','B') [ RunTime:0.0004s ]
SQL: INSERT INTO `e_quest` (`tid`,`type`,`content`,`aA`,`aB`,`aC`,`aD`,`answer`) VALUES ('9','1','读者借书的主要步骤正确的是：','先到相应的馆藏地点找书，然后到总出纳台办理借书手续，再去查目录，记录馆藏地及索书号。 ','先去查目录，记录馆藏地及索书号，再到总出纳台办理借书手续。','先去查目录，记录馆藏地及索书号，然后到相应的馆藏地点找书，再到总出纳台办理借书手续。','以上三者均可。','C') [ RunTime:0.0003s ]
SQL: INSERT INTO `e_quest` (`tid`,`type`,`content`,`aA`,`aB`,`aC`,`aD`,`answer`) VALUES ('9','1','读者有图书超期使用费时，应如何处理？','先交罚款，后借书','先借书，后交罚款','随便','以上三个都对','A') [ RunTime:0.0003s ]
SQL: INSERT INTO `e_quest` (`tid`,`type`,`content`,`aA`,`aB`,`aC`,`aD`,`answer`) VALUES ('9','1','读者有超期罚款时，应如何处理？ ','先交罚款，后借书。 ','先借书，后交罚款。 ','随便。  ','以上三个都对。 ','A') [ RunTime:0.0003s ]
SQL: INSERT INTO `e_quest` (`tid`,`type`,`content`,`aA`,`aB`,`aC`,`aD`,`answer`) VALUES ('9','1','寄包柜可以存放的物品是：','现金','电子产品','交通卡等卡类物品','书籍','D') [ RunTime:0.0003s ]
SQL: INSERT INTO `e_quest` (`tid`,`type`,`content`,`aA`,`aB`,`aC`,`aD`,`answer`) VALUES ('9','1','如果检索到的电子资源无法获取原文，可以利用______服务，填写申请后，通过邮箱接收全文。','校外访问','文献传递','馆际互借','以上都不是','B') [ RunTime:0.0003s ]
SQL: INSERT INTO `e_quest` (`tid`,`type`,`content`,`aA`,`aB`,`aC`,`aD`,`answer`) VALUES ('9','1','通过超星发现检索到的电子资源无法获取原文时，可以利用______服务，填写申请后，通过邮箱接  收全文。','校外访问 ','文献传递 ','馆际互借 ','以上都不是','B ') [ RunTime:0.0004s ]
SQL: INSERT INTO `e_quest` (`tid`,`type`,`content`,`aA`,`aB`,`aC`,`aD`,`answer`) VALUES ('9','1','发现校园卡遗失又忘记读者密码怎么办？','校园卡不慎丢失，为避免造成不必要的损失，请读者尽快挂失。','尽量自己查找，实在找不到再去办理“挂失”手续。','先自己查找，找不到就算了。','立即到就近的办证点要求补证。','A') [ RunTime:0.0004s ]
SQL: INSERT INTO `e_quest` (`tid`,`type`,`content`,`aA`,`aB`,`aC`,`aD`,`answer`) VALUES ('9','1','关于校园卡的说法，不正确的是','校园卡只供本人使用，不得转借他人','学生办理离校手续时，需将校园卡上所借图书全部还清','学生办理离校手续，不必将校园卡上所借图书全部还清','校园卡丢失，及时挂失并补办','C') [ RunTime:0.0001s ]
SQL: INSERT INTO `e_quest` (`tid`,`type`,`content`,`aA`,`aB`,`aC`,`aD`,`answer`) VALUES ('9','1','学生借阅图书使用的证件是','校园一卡通','学生证','身份证','无需任何证件','A') [ RunTime:0.0002s ]
SQL: INSERT INTO `e_quest` (`tid`,`type`,`content`,`aA`,`aB`,`aC`,`aD`,`answer`) VALUES ('9','1','图书馆信息咨询部日常开设的用户培训有哪几种方式？','新生入馆教育','文献检索课','一小时讲座系列、专题讲座','以上三种培训形式都有','D') [ RunTime:0.0001s ]
SQL: INSERT INTO `e_quest` (`tid`,`type`,`content`,`aA`,`aB`,`aC`,`aD`,`answer`) VALUES ('9','1','图书馆信息中心日常开设的用户培训有哪几种方式？ ','新生入馆教育。 ','文献检索课。  ','专题讲座 ','以上三种培训形式都有。 ','D') [ RunTime:0.0001s ]
SQL: INSERT INTO `e_quest` (`tid`,`type`,`content`,`aA`,`aB`,`aC`,`aD`,`answer`) VALUES ('9','1','图书馆网站有什么功能？','信息发布功能，包括图书馆介绍、新闻和通知等','信息服务功能，通过网站上的应用程序直接向读者提供服务，如书目检索，网上咨询，在线读者教育等','资源导航功能，提供我校图书馆网络数据库、光盘数据库、以及网络公共资源的入口','上述功能都有','D') [ RunTime:0.0003s ]
SQL: INSERT INTO `e_quest` (`tid`,`type`,`content`,`aA`,`aB`,`aC`,`aD`,`answer`) VALUES ('9','1','中文现刊如何排架？','学科分类','字母顺序','主题分类','刊的开本大小分类排架','A') [ RunTime:0.0002s ]
SQL: INSERT INTO `e_quest` (`tid`,`type`,`content`,`aA`,`aB`,`aC`,`aD`,`answer`) VALUES ('9','1','如何保护图书馆图书？ ','严禁在书上涂画、批注。  ','严禁撕书、用刀片划书等破坏图书的行为。 ','雨天注意保护图书不被淋湿。 ','以上都对。 ','D') [ RunTime:0.0002s ]
SQL: INSERT INTO `e_quest` (`tid`,`type`,`content`,`aA`,`aB`,`aC`,`aD`,`answer`) VALUES ('9','1','四方校区图书馆社科库所在的楼层为：','一层','二层','三层','四层','A') [ RunTime:0.0002s ]
SQL: INSERT INTO `e_quest` (`tid`,`type`,`content`,`aA`,`aB`,`aC`,`aD`,`answer`) VALUES ('9','1','某同学需要用英语词典，你建议他去崂山校区图书馆哪一层？','一层','二层','三层','四层','B') [ RunTime:0.0004s ]
SQL: INSERT INTO `e_quest` (`tid`,`type`,`content`,`aA`,`aB`,`aC`,`aD`,`answer`) VALUES ('9','1','我校图书馆内图书最多可以续借几次？','一次','两次','三次','四次','A') [ RunTime:0.0003s ]
SQL: INSERT INTO `e_quest` (`tid`,`type`,`content`,`aA`,`aB`,`aC`,`aD`,`answer`) VALUES ('9','1','图书馆各个书库的借还书手续在哪里办理？','在图书馆各个书库办理','在信息中心办理','在图书馆三楼办公室办理','','A') [ RunTime:0.0003s ]
SQL: INSERT INTO `e_quest` (`tid`,`type`,`content`,`aA`,`aB`,`aC`,`aD`,`answer`) VALUES ('9','1','图书馆提供24小时网上读者服务，同时购买了大量的数字化资源，如新东方英语多媒体学习库、超星数字图书馆、中国学术期刊镜像站、万方数据资源系统、维普中文科技期刊全文数据库、中国基本古籍库、Sciencedirect、WeB of Science、EBSCO、Springer Link、EI等大型数据库。面对这么多新的资源，不会用怎么办？','找图书馆信息中心咨询','参加图书馆开设的“文献检索课”和“数据库培训讲座”，学习如何使用电子资源','可以班级形式要求图书馆信息中心老师讲述如何使用','以上方法都可以','D') [ RunTime:0.0003s ]
SQL: INSERT INTO `e_quest` (`tid`,`type`,`content`,`aA`,`aB`,`aC`,`aD`,`answer`) VALUES ('9','1','“索书号可在图书馆的检索终端通过书名、作者、主题词等途径查到”这句话是否正确。','正确','不正确','','','A') [ RunTime:0.0002s ]
SQL: INSERT INTO `e_quest` (`tid`,`type`,`content`,`aA`,`aB`,`aC`,`aD`,`answer`) VALUES ('9','1','我校图书馆采用的图书分类法是','中国图书馆分类法','科图法','杜威十进制分类法','以上都不是','A') [ RunTime:0.0003s ]
SQL: INSERT INTO `e_quest` (`tid`,`type`,`content`,`aA`,`aB`,`aC`,`aD`,`answer`) VALUES ('9','1','我校图书馆采用的图书分类法是 ','中国图书馆分类法 ','杜威分类法 ','科图法 ','以上都不是','A ') [ RunTime:0.0003s ]
SQL: INSERT INTO `e_quest` (`tid`,`type`,`content`,`aA`,`aB`,`aC`,`aD`,`answer`) VALUES ('9','1','下列哪种中文资源我馆没有订购','中国知网','维普','万方','全国报刊索引','D') [ RunTime:0.0003s ]
SQL: INSERT INTO `e_quest` (`tid`,`type`,`content`,`aA`,`aB`,`aC`,`aD`,`answer`) VALUES ('9','1','大学英语四六级考试在即，如果想做真题模拟考试，合适的数字资源是','中国知网数据库 ','读秀学术搜索  ','新东方多媒体学习库 ','超星学术视频','C  ') [ RunTime:0.0003s ]
SQL: INSERT INTO `e_quest` (`tid`,`type`,`content`,`aA`,`aB`,`aC`,`aD`,`answer`) VALUES ('9','1','目前青岛科技大学图书馆所使用的图书分类法是？','中图法','科图法','人大法','以上都不是','A') [ RunTime:0.0003s ]
SQL: INSERT INTO `e_quest` (`tid`,`type`,`content`,`aA`,`aB`,`aC`,`aD`,`answer`) VALUES ('9','1','图书馆的政治业务学习安排在','周五下午','周二下午','周三下午','周四下午','B') [ RunTime:0.0003s ]
SQL: INSERT INTO `e_quest` (`tid`,`type`,`content`,`aA`,`aB`,`aC`,`aD`,`answer`) VALUES ('9','1','图书的内容新旧，一般从哪个字段可以知道','著者','出版年','出版者','','B') [ RunTime:0.0003s ]
SQL: INSERT INTO `e_quest` (`tid`,`type`,`content`,`aA`,`aB`,`aC`,`aD`,`answer`) VALUES ('9','1','青岛科技大学图书馆是按照什么方法对图书进行排架的','著者首字母','ISBN号','出版社代码','索书号','D') [ RunTime:0.0004s ]
SQL: INSERT INTO `e_quest` (`tid`,`type`,`content`,`aA`,`aB`,`aC`,`aD`,`answer`) VALUES ('9','2','青岛科技大学图书馆购买的外文数据库有：（）','ACS','ASME','SpringerLink','Science','ABCD') [ RunTime:0.0005s ]
SQL: INSERT INTO `e_quest` (`tid`,`type`,`content`,`aA`,`aB`,`aC`,`aD`,`answer`) VALUES ('9','2','青岛科技大学图书馆购买的外文数据库有：（）','ACS','Begell','EBSCO','Wiley','ABCD') [ RunTime:0.0002s ]
SQL: INSERT INTO `e_quest` (`tid`,`type`,`content`,`aA`,`aB`,`aC`,`aD`,`answer`) VALUES ('9','2','青岛科技大学图书馆购买的外文数据库有：（）','ACS','RSC','Springer LINK','IEL','ABCD') [ RunTime:0.0003s ]
SQL: INSERT INTO `e_quest` (`tid`,`type`,`content`,`aA`,`aB`,`aC`,`aD`,`answer`) VALUES ('9','2','青岛科技大学图书馆购买的外文数据库有：（）','Nature','Science','Springer Link','Sci','ABCD') [ RunTime:0.0001s ]
SQL: INSERT INTO `e_quest` (`tid`,`type`,`content`,`aA`,`aB`,`aC`,`aD`,`answer`) VALUES ('9','2','青岛科技大学图书馆提供以下什么服务？','RFID自助借还','网上预约','四方和崂山校区图书通借通还','学科馆员服务','CD') [ RunTime:0.0001s ]
SQL: INSERT INTO `e_quest` (`tid`,`type`,`content`,`aA`,`aB`,`aC`,`aD`,`answer`) VALUES ('9','2','青岛科技大学图书馆购买的外文数据库有：（）','Westlaw','国道数据SpecialSci','IEL','Nature','ABCD') [ RunTime:0.0001s ]
SQL: INSERT INTO `e_quest` (`tid`,`type`,`content`,`aA`,`aB`,`aC`,`aD`,`answer`) VALUES ('9','2','青岛科技大学图书馆购买的外文数据库有：（）','Wiley','Begell','ScienceDirect','ASME','ABCD') [ RunTime:0.0001s ]
SQL: INSERT INTO `e_quest` (`tid`,`type`,`content`,`aA`,`aB`,`aC`,`aD`,`answer`) VALUES ('9','2','青岛科技大学图书馆购买的外文数据库有：（）','Wiley','Science','Engineering village(EI)','SpringerLink','ABCD') [ RunTime:0.0001s ]
SQL: INSERT INTO `e_quest` (`tid`,`type`,`content`,`aA`,`aB`,`aC`,`aD`,`answer`) VALUES ('9','2','青岛科技大学图书馆购买的外文数据库有：（）','Wiley','Science','ScienceDirect','Nature','ABCD') [ RunTime:0.0001s ]
SQL: INSERT INTO `e_quest` (`tid`,`type`,`content`,`aA`,`aB`,`aC`,`aD`,`answer`) VALUES ('9','2','下列哪些不能带入图书馆阅览室和书库？','茶杯','可乐','早饭','咖啡','BCD') [ RunTime:0.0001s ]
SQL: INSERT INTO `e_quest` (`tid`,`type`,`content`,`aA`,`aB`,`aC`,`aD`,`answer`) VALUES ('9','2','青岛科技大学图书馆购买的中文数据库有：（）','超星电子图书','超星发现系统','中国知网（CNKI）期刊全文库','高校财经数据库','ABCD') [ RunTime:0.0002s ]
SQL: INSERT INTO `e_quest` (`tid`,`type`,`content`,`aA`,`aB`,`aC`,`aD`,`answer`) VALUES ('9','2','青岛科技大学图书馆购买的中文数据库有：（）','超星电子图书','中国知网（CNKI）期刊全文库','CSSCI','资治法典 ','ABCD') [ RunTime:0.0002s ]
SQL: INSERT INTO `e_quest` (`tid`,`type`,`content`,`aA`,`aB`,`aC`,`aD`,`answer`) VALUES ('9','2','青岛科技大学图书馆购买的中文数据库有：（）','超星发现系统','超星电子图书','万方数据库','高校财经数据库','ABCD') [ RunTime:0.0002s ]
SQL: INSERT INTO `e_quest` (`tid`,`type`,`content`,`aA`,`aB`,`aC`,`aD`,`answer`) VALUES ('9','2','校园卡登陆\"我的图书馆\"可以','定制和查看新书通报信息  ','查看催还信息和借书历史','使用和管理收藏书架 ','查看图书当前借阅情况和续借  ','ABCD') [ RunTime:0.0003s ]
SQL: INSERT INTO `e_quest` (`tid`,`type`,`content`,`aA`,`aB`,`aC`,`aD`,`answer`) VALUES ('9','2','青岛科技大学图书馆提供的服务有：（  ）','读者教育','网上续借','信息咨询','以上说法都不对','ABC') [ RunTime:0.0003s ]
SQL: INSERT INTO `e_quest` (`tid`,`type`,`content`,`aA`,`aB`,`aC`,`aD`,`answer`) VALUES ('9','2','青岛科技大学图书馆提供的服务有：（  ）','读者教育','网上预约','自助查询','网上续借','ACD') [ RunTime:0.0003s ]
SQL: INSERT INTO `e_quest` (`tid`,`type`,`content`,`aA`,`aB`,`aC`,`aD`,`answer`) VALUES ('9','2','根据“中图法”简表，以下属于综合性图书的有：','法律','辞典','年鉴、年刊','文物考古','BC') [ RunTime:0.0003s ]
SQL: INSERT INTO `e_quest` (`tid`,`type`,`content`,`aA`,`aB`,`aC`,`aD`,`answer`) VALUES ('9','2','青岛科技大学图书馆购买的中文数据库有：（）','方正图书','超星发现系统','CSSCI','资治法典 ','ABCD') [ RunTime:0.0003s ]
SQL: INSERT INTO `e_quest` (`tid`,`type`,`content`,`aA`,`aB`,`aC`,`aD`,`answer`) VALUES ('9','2','图书馆主页一站式检索框可以检索的资源分类选项有','馆藏书目，提供馆藏纸本图书、期刊的查询；','中文文献，提供各种中文学术文献资料的查询；','外文文献，提供各种外文学术文献资料的查询；','电子图书，提供中文电子图书全文的查询','ABCD') [ RunTime:0.0003s ]
SQL: INSERT INTO `e_quest` (`tid`,`type`,`content`,`aA`,`aB`,`aC`,`aD`,`answer`) VALUES ('9','2','根据“中图法”简表，以下属于工业技术分类的有：','航空','电工技术','电工材料','发电、发电厂','BCD') [ RunTime:0.0003s ]
SQL: INSERT INTO `e_quest` (`tid`,`type`,`content`,`aA`,`aB`,`aC`,`aD`,`answer`) VALUES ('9','2','根据“中图法”简表，以下属于生物科学分类的有：','昆虫学','遗传学','人类学','生物化学','ABCD') [ RunTime:0.0003s ]
SQL: INSERT INTO `e_quest` (`tid`,`type`,`content`,`aA`,`aB`,`aC`,`aD`,`answer`) VALUES ('9','2','青岛科技大学图书馆购买的外文数据库有：（）','美国化学文摘SciFinder','WeB of Science','Engineering village(EI)','EBSCO','ABCD') [ RunTime:0.0003s ]
SQL: INSERT INTO `e_quest` (`tid`,`type`,`content`,`aA`,`aB`,`aC`,`aD`,`answer`) VALUES ('9','2','读者未经图书馆同意或未办理借阅手续，擅自将文献带出阅览室或图书馆会受到那些处分？','批评教育','提交书面检查报告','停止借书权限两周','停止借书权限四周','ABC') [ RunTime:0.0003s ]
SQL: INSERT INTO `e_quest` (`tid`,`type`,`content`,`aA`,`aB`,`aC`,`aD`,`answer`) VALUES ('9','2','有关《中国图书馆分类法》 ，简称《中图法》，说法正确的有','是我国图书馆和情报单位普遍使用的一部综合性的分类法；','使用字母与数字相结合的混合号码； ',' 5 大部分，22 个基本大类；','大类类名中没有 L、M、W、Y 四个英文字母','ABCD') [ RunTime:0.0006s ]
SQL: INSERT INTO `e_quest` (`tid`,`type`,`content`,`aA`,`aB`,`aC`,`aD`,`answer`) VALUES ('9','2','青岛科技大学图书馆购买的中文数据库有：（）','书生之家','超星电子图书','国研网','新东方多媒体数据库','ABCD') [ RunTime:0.0005s ]
SQL: INSERT INTO `e_quest` (`tid`,`type`,`content`,`aA`,`aB`,`aC`,`aD`,`answer`) VALUES ('9','2','通过馆藏书目系统检索书目信息，可通过哪些途径','题名','作者','ISBN ','ISSN','ABCD') [ RunTime:0.0004s ]
SQL: INSERT INTO `e_quest` (`tid`,`type`,`content`,`aA`,`aB`,`aC`,`aD`,`answer`) VALUES ('9','2','想进入图书馆的同学不可穿下列哪些衣物？','拖鞋','裙子','背心','高跟鞋','AC') [ RunTime:0.0004s ]
SQL: INSERT INTO `e_quest` (`tid`,`type`,`content`,`aA`,`aB`,`aC`,`aD`,`answer`) VALUES ('9','2','四方校构图书馆一层书库包括的图书类型有：','外语','计算机','军事','经济','CD') [ RunTime:0.0004s ]
SQL: INSERT INTO `e_quest` (`tid`,`type`,`content`,`aA`,`aB`,`aC`,`aD`,`answer`) VALUES ('9','2','青岛科技大学图书馆购买的中文数据库有：（）','万方数据库中国知网（CNKI）期刊全文库','中国大百科全书','人大复印资料全文库','资治法典 ','ABCD') [ RunTime:0.0003s ]
SQL: INSERT INTO `e_quest` (`tid`,`type`,`content`,`aA`,`aB`,`aC`,`aD`,`answer`) VALUES ('9','2','青岛科技大学图书馆购买的中文数据库有：（）','万方数据库中国知网（CNKI）期刊全文库','中国知网（CNKI）期刊全文库','CNKI引文数据库','高校财经数据库','ABCD') [ RunTime:0.0002s ]
SQL: INSERT INTO `e_quest` (`tid`,`type`,`content`,`aA`,`aB`,`aC`,`aD`,`answer`) VALUES ('9','2','利用我校微信图书馆可以查看：','新闻公告','进行馆际互借申请','馆藏查询','学术资源','ACD') [ RunTime:0.0002s ]
SQL: INSERT INTO `e_quest` (`tid`,`type`,`content`,`aA`,`aB`,`aC`,`aD`,`answer`) VALUES ('9','2','青岛科技大学图书馆提供的服务有：（  ）','信息咨询','自助查询','网上预约','以上说法全对','AB') [ RunTime:0.0002s ]
SQL: INSERT INTO `e_quest` (`tid`,`type`,`content`,`aA`,`aB`,`aC`,`aD`,`answer`) VALUES ('9','2','根据“中图法”简表，以下属于军事类下设的战术学分类的是：','游击战','战争初期问题','海军战役','夜间作战','AD') [ RunTime:0.0002s ]
SQL: INSERT INTO `e_quest` (`tid`,`type`,`content`,`aA`,`aB`,`aC`,`aD`,`answer`) VALUES ('9','2','想查询图书借还情况可以通过以下哪些途径？','在青岛科技大学微信图书馆查询','在借阅查询系统上查询','在青岛科技大学图书馆网站上查询','在选座系统上查询','ABC') [ RunTime:0.0002s ]
SQL: INSERT INTO `e_quest` (`tid`,`type`,`content`,`aA`,`aB`,`aC`,`aD`,`answer`) VALUES ('9','2','可以通过哪些途径续借图书？','在选座系统上查询','在借阅查询系统上操作','登陆图书馆网站进行操作','在手机移动图书馆上操作','BCD') [ RunTime:0.0003s ]
SQL: INSERT INTO `e_quest` (`tid`,`type`,`content`,`aA`,`aB`,`aC`,`aD`,`answer`) VALUES ('9','2','青岛科技大学图书馆购买的中文数据库有：（）','中国知网（CNKI）期刊全文库','CNKI工具书','维普考试系统','资治法典 ','ABCD') [ RunTime:0.0002s ]
SQL: INSERT INTO `e_quest` (`tid`,`type`,`content`,`aA`,`aB`,`aC`,`aD`,`answer`) VALUES ('9','2','青岛科技大学图书馆购买的中文数据库有：（）','中国知网（CNKI）期刊全文库','新东方多媒体数据库','中国大百科全书','超星电子图书','ABCD') [ RunTime:0.0003s ]
SQL: INSERT INTO `e_quest` (`tid`,`type`,`content`,`aA`,`aB`,`aC`,`aD`,`answer`) VALUES ('9','2','青岛科技大学图书馆提供哪些信息发布？','资源动态','预约信息','流通排行','讲座信息','AD') [ RunTime:0.0003s ]
SQL: INSERT INTO `e_quest` (`tid`,`type`,`content`,`aA`,`aB`,`aC`,`aD`,`answer`) VALUES ('9','3','寄存柜可以存放现金、各种卡类、电子产品等贵重物品。','对','错','','','B') [ RunTime:0.0003s ]
SQL: INSERT INTO `e_quest` (`tid`,`type`,`content`,`aA`,`aB`,`aC`,`aD`,`answer`) VALUES ('9','3','读者可以在阅览室、走廊接打手机、喧哗、吵闹。','对','错','','','B') [ RunTime:0.0003s ]
SQL: INSERT INTO `e_quest` (`tid`,`type`,`content`,`aA`,`aB`,`aC`,`aD`,`answer`) VALUES ('9','3','在所借图书没有过期的情况下，读者可以在网上自己续借图书。','对','错','','','A') [ RunTime:0.0003s ]
SQL: INSERT INTO `e_quest` (`tid`,`type`,`content`,`aA`,`aB`,`aC`,`aD`,`answer`) VALUES ('9','3','在个人借阅信息中可以查询已借过的图书的具体借还时间。','对','错','','','A') [ RunTime:0.0003s ]
SQL: INSERT INTO `e_quest` (`tid`,`type`,`content`,`aA`,`aB`,`aC`,`aD`,`answer`) VALUES ('9','3','遗失校园卡必须立即挂失。','对','错','','','A') [ RunTime:0.0003s ]
SQL: INSERT INTO `e_quest` (`tid`,`type`,`content`,`aA`,`aB`,`aC`,`aD`,`answer`) VALUES ('9','3','移动图书馆的读者账号为工号或学号。','对','错','','','A') [ RunTime:0.0003s ]
SQL: INSERT INTO `e_quest` (`tid`,`type`,`content`,`aA`,`aB`,`aC`,`aD`,`answer`) VALUES ('9','3','学生毕业时，需根据学校统一布置，集中办理毕业生离校手续，届时需将所借图书全部还清，方可办理销证离校手续。','对','错','','','A') [ RunTime:0.0003s ]
SQL: INSERT INTO `e_quest` (`tid`,`type`,`content`,`aA`,`aB`,`aC`,`aD`,`answer`) VALUES ('9','3','携带饮料、食物进入图书馆，请去休闲区享用。','对','错','','','A') [ RunTime:0.0003s ]
SQL: INSERT INTO `e_quest` (`tid`,`type`,`content`,`aA`,`aB`,`aC`,`aD`,`answer`) VALUES ('9','3','无论是安卓系统还是IOS系统都可以进行数字图书馆的操作。','对','错','','','A') [ RunTime:0.0003s ]
SQL: INSERT INTO `e_quest` (`tid`,`type`,`content`,`aA`,`aB`,`aC`,`aD`,`answer`) VALUES ('9','3','我校图书馆图书可以通过ISBN号检索。','对','错','','','A') [ RunTime:0.0003s ]
SQL: INSERT INTO `e_quest` (`tid`,`type`,`content`,`aA`,`aB`,`aC`,`aD`,`answer`) VALUES ('9','3','我校图书馆所发借阅证，只供本人使用，须妥善保管，不得转借他人。','对','错','','','A') [ RunTime:0.0003s ]
SQL: INSERT INTO `e_quest` (`tid`,`type`,`content`,`aA`,`aB`,`aC`,`aD`,`answer`) VALUES ('9','3','我校图书馆的书库和阅览室均采用“中图法”来排架。 ','对','错','','','A') [ RunTime:0.0004s ]
SQL: INSERT INTO `e_quest` (`tid`,`type`,`content`,`aA`,`aB`,`aC`,`aD`,`answer`) VALUES ('9','3','我校师生如果要向图书馆捐赠图书，应该联系图书馆馆办公室或采编部。 ','对','错','','','A') [ RunTime:0.0003s ]
SQL: INSERT INTO `e_quest` (`tid`,`type`,`content`,`aA`,`aB`,`aC`,`aD`,`answer`) VALUES ('9','3','我馆购买的方正图书、超星图书、书生之家是三个图书数据资源。','对','错','','','A') [ RunTime:0.0003s ]
SQL: INSERT INTO `e_quest` (`tid`,`type`,`content`,`aA`,`aB`,`aC`,`aD`,`answer`) VALUES ('9','3','我馆对图书分类使用的是《中国图书馆分类法》','对','错','','','A') [ RunTime:0.0003s ]
SQL: INSERT INTO `e_quest` (`tid`,`type`,`content`,`aA`,`aB`,`aC`,`aD`,`answer`) VALUES ('9','3','我馆读者可以登录图书馆网站自己查询图书借阅情况。','对','错','','','A') [ RunTime:0.0003s ]
SQL: INSERT INTO `e_quest` (`tid`,`type`,`content`,`aA`,`aB`,`aC`,`aD`,`answer`) VALUES ('9','3','为了提高借书效率，读者可以先利用图书馆的书目检索系统，检索到所需图书的索书号，再到书库借阅相关图书。','对','错','','','A') [ RunTime:0.0009s ]
SQL: INSERT INTO `e_quest` (`tid`,`type`,`content`,`aA`,`aB`,`aC`,`aD`,`answer`) VALUES ('9','3','为保护图书，阅览室图书不准带出馆外复印，违者扣留借阅证，并交馆办公室按复印管理规定处理。','对','错','','','A') [ RunTime:0.0005s ]
SQL: INSERT INTO `e_quest` (`tid`,`type`,`content`,`aA`,`aB`,`aC`,`aD`,`answer`) VALUES ('9','3','图书馆是重点防火单位，严禁携带易燃易爆物品入馆，严禁在馆内任何地方吸烟、用火。','对','错','','','A') [ RunTime:0.0004s ]
SQL: INSERT INTO `e_quest` (`tid`,`type`,`content`,`aA`,`aB`,`aC`,`aD`,`answer`) VALUES ('9','3','图书馆是防火的重点单位，严禁携带易燃、易爆品进馆，严禁在馆内吸烟。','对','错','','','A') [ RunTime:0.0004s ]
SQL: INSERT INTO `e_quest` (`tid`,`type`,`content`,`aA`,`aB`,`aC`,`aD`,`answer`) VALUES ('9','3','图书馆对所存放的物品不负责保管，对所存物品的遗失、损毁、污损等概不负责。','对','错','','','A') [ RunTime:0.0004s ]
SQL: INSERT INTO `e_quest` (`tid`,`type`,`content`,`aA`,`aB`,`aC`,`aD`,`answer`) VALUES ('9','3','图书馆的图书排架是依据中图法进行排架的。','对','错','','','A') [ RunTime:0.0002s ]
SQL: INSERT INTO `e_quest` (`tid`,`type`,`content`,`aA`,`aB`,`aC`,`aD`,`answer`) VALUES ('9','3','图书的排架规则是同一个书架，从上到下；同一层书架，从左到右。','对','错','','','A') [ RunTime:0.0002s ]
SQL: INSERT INTO `e_quest` (`tid`,`type`,`content`,`aA`,`aB`,`aC`,`aD`,`answer`) VALUES ('9','3','图书超期不归还将会按超期天数扣费。','对','错','','','A') [ RunTime:0.0002s ]
SQL: INSERT INTO `e_quest` (`tid`,`type`,`content`,`aA`,`aB`,`aC`,`aD`,`answer`) VALUES ('9','3','图书、现刊均按学科进行分类排架。','对','错','','','A') [ RunTime:0.0002s ]
SQL: INSERT INTO `e_quest` (`tid`,`type`,`content`,`aA`,`aB`,`aC`,`aD`,`answer`) VALUES ('9','3','索书号是由分类号和种次号组成的。','对','错','','','A') [ RunTime:0.0002s ]
SQL: INSERT INTO `e_quest` (`tid`,`type`,`content`,`aA`,`aB`,`aC`,`aD`,`answer`) VALUES ('9','3','索书号是一种书在分类架位中的代号，也是图书排架、读者检索和藏书组织的标志和依据。','对','错','','','A') [ RunTime:0.0002s ]
SQL: INSERT INTO `e_quest` (`tid`,`type`,`content`,`aA`,`aB`,`aC`,`aD`,`answer`) VALUES ('9','3','随书光盘暂不提供预约。','对','错','','','A') [ RunTime:0.0003s ]
SQL: INSERT INTO `e_quest` (`tid`,`type`,`content`,`aA`,`aB`,`aC`,`aD`,`answer`) VALUES ('9','3','四方校区图书馆二层书刊仅限馆内阅览，不可外借。','对','错','','','A') [ RunTime:0.0003s ]
SQL: INSERT INTO `e_quest` (`tid`,`type`,`content`,`aA`,`aB`,`aC`,`aD`,`answer`) VALUES ('9','3','青岛科技大学图书馆由崂山校区图书馆、四方校区图书馆和高密校区图书馆及5个院系资料室组成。','对','错','','','A') [ RunTime:0.0003s ]
SQL: INSERT INTO `e_quest` (`tid`,`type`,`content`,`aA`,`aB`,`aC`,`aD`,`answer`) VALUES ('9','3','青岛科技大学图书馆图书借阅要到服务台办理。','对','错','','','A') [ RunTime:0.0003s ]
SQL: INSERT INTO `e_quest` (`tid`,`type`,`content`,`aA`,`aB`,`aC`,`aD`,`answer`) VALUES ('9','3','青岛科技大学图书馆对本科生开设入馆教育课程。','对','错','','','A') [ RunTime:0.0003s ]
SQL: INSERT INTO `e_quest` (`tid`,`type`,`content`,`aA`,`aB`,`aC`,`aD`,`answer`) VALUES ('9','3','青岛科技大学图书馆创建于1950年。','对','错','','','A') [ RunTime:0.0003s ]
SQL: INSERT INTO `e_quest` (`tid`,`type`,`content`,`aA`,`aB`,`aC`,`aD`,`answer`) VALUES ('9','3','进入图书馆应注意衣着整洁、不能穿着拖鞋背心入馆。','对','错','','','A') [ RunTime:0.0005s ]
SQL: INSERT INTO `e_quest` (`tid`,`type`,`content`,`aA`,`aB`,`aC`,`aD`,`answer`) VALUES ('9','3','借出复印的资料必须在二小时内归还，不及时归还者，扣留借阅证，收交超时滞纳费。','对','错','','','A') [ RunTime:0.0005s ]
SQL: INSERT INTO `e_quest` (`tid`,`type`,`content`,`aA`,`aB`,`aC`,`aD`,`answer`) VALUES ('9','3','节假日图书馆放假情况需见具体通知。','对','错','','','A') [ RunTime:0.0004s ]
SQL: INSERT INTO `e_quest` (`tid`,`type`,`content`,`aA`,`aB`,`aC`,`aD`,`answer`) VALUES ('9','3','计算机类的图书要到TP类书架里查找。','对','错','','','A') [ RunTime:0.0003s ]
SQL: INSERT INTO `e_quest` (`tid`,`type`,`content`,`aA`,`aB`,`aC`,`aD`,`answer`) VALUES ('9','3','化学工业类的图书要到TQ类书架里查找。','对','错','','','A') [ RunTime:0.0003s ]
SQL: INSERT INTO `e_quest` (`tid`,`type`,`content`,`aA`,`aB`,`aC`,`aD`,`answer`) VALUES ('9','3','分类索书号又称分类排架号。','对','错','','','A') [ RunTime:0.0002s ]
SQL: INSERT INTO `e_quest` (`tid`,`type`,`content`,`aA`,`aB`,`aC`,`aD`,`answer`) VALUES ('9','3','方正图书、超星图书、书生是图书检索数据库。','对','错','','','A') [ RunTime:0.0002s ]
SQL: INSERT INTO `e_quest` (`tid`,`type`,`content`,`aA`,`aB`,`aC`,`aD`,`answer`) VALUES ('9','3','读者在电子阅览室严禁访问含有暴力、色情内容的不健康网站，杜绝在网上载取和传播淫秽、反动、诋毁性的报道、影视、图片，严禁发布有害信息。','对','错','','','A') [ RunTime:0.0002s ]
SQL: INSERT INTO `e_quest` (`tid`,`type`,`content`,`aA`,`aB`,`aC`,`aD`,`answer`) VALUES ('9','3','读者在超星发现搜索到一篇文献，我馆没有购买全文，如果想获得全文，可以提交\"文献传递\" 服务申请，通过邮箱接收全文。','对','错','','','A') [ RunTime:0.0002s ]
SQL: INSERT INTO `e_quest` (`tid`,`type`,`content`,`aA`,`aB`,`aC`,`aD`,`answer`) VALUES ('9','3','读者所借图书已经到期仍需继续使用，在无读者预约的情况下，可自己在网上续借，或持借书证到借书处或还书处办理续借手续。','对','错','','','A') [ RunTime:0.0001s ]
SQL: INSERT INTO `e_quest` (`tid`,`type`,`content`,`aA`,`aB`,`aC`,`aD`,`answer`) VALUES ('9','3','读者入馆要衣着整洁，凡穿背心、短裤、着拖鞋、衣衫不整者谢绝入馆。','对','错','','','A') [ RunTime:0.0002s ]
SQL: INSERT INTO `e_quest` (`tid`,`type`,`content`,`aA`,`aB`,`aC`,`aD`,`answer`) VALUES ('9','3','读者在借阅书刊资料时不可以批点、划线、涂改、污损。','对','错','','','A') [ RunTime:0.0003s ]
SQL: INSERT INTO `e_quest` (`tid`,`type`,`content`,`aA`,`aB`,`aC`,`aD`,`answer`) VALUES ('9','3','读者可以在主页\"读者服务\"--\"书目查询\"系统里，查看新书通报。 ','对','错','','','A') [ RunTime:0.0002s ]
SQL: INSERT INTO `e_quest` (`tid`,`type`,`content`,`aA`,`aB`,`aC`,`aD`,`answer`) VALUES ('9','3','读者可以登录图书馆主页，关注\"通知公告\"栏，获知节假日图书馆开馆时间和数据库 试用的最新消息。','对','错','','','A') [ RunTime:0.0001s ]
SQL: INSERT INTO `e_quest` (`tid`,`type`,`content`,`aA`,`aB`,`aC`,`aD`,`answer`) VALUES ('9','3','读者可到各个借阅书库凭校园卡办理借书手续。','对','错','','','A') [ RunTime:0.0002s ]
SQL: INSERT INTO `e_quest` (`tid`,`type`,`content`,`aA`,`aB`,`aC`,`aD`,`answer`) VALUES ('9','3','读者借阅证挂失并还清所借图书后，方可到馆办公室办理补证手续。','对','错','','','A') [ RunTime:0.0002s ]
SQL: INSERT INTO `e_quest` (`tid`,`type`,`content`,`aA`,`aB`,`aC`,`aD`,`answer`) VALUES ('9','3','读者借阅我校图书馆的书刊资料，必须在规定时间内如期归还，逾期则给予必要的处理','对','错','','','A') [ RunTime:0.0002s ]
SQL: INSERT INTO `e_quest` (`tid`,`type`,`content`,`aA`,`aB`,`aC`,`aD`,`answer`) VALUES ('9','3','读者不得私自将借阅室书刊携出室外','对','错','','','A') [ RunTime:0.0003s ]
SQL: INSERT INTO `e_quest` (`tid`,`type`,`content`,`aA`,`aB`,`aC`,`aD`,`answer`) VALUES ('9','3','保护馆藏文献是每位读者义不容辞的责任。','对','错','','','A') [ RunTime:0.0003s ]
SQL: INSERT INTO `e_quest` (`tid`,`type`,`content`,`aA`,`aB`,`aC`,`aD`,`answer`) VALUES ('9','3','爱护图书是读者的义务，还书时如发现折损、圈画、撕割等现象或图书丢失，按书刊赔偿管理规定处理。','对','错','','','A') [ RunTime:0.0003s ]
SQL: INSERT INTO `e_quest` (`tid`,`type`,`content`,`aA`,`aB`,`aC`,`aD`,`answer`) VALUES ('9','3','SSCI是社会科学引文索引。','对','错','','','A') [ RunTime:0.0003s ]
SQL: INSERT INTO `e_quest` (`tid`,`type`,`content`,`aA`,`aB`,`aC`,`aD`,`answer`) VALUES ('9','3','SCI是科学引文索引。','对','错','','','A') [ RunTime:0.0003s ]
SQL: INSERT INTO `e_quest` (`tid`,`type`,`content`,`aA`,`aB`,`aC`,`aD`,`answer`) VALUES ('9','3','CNKI和万方两个数据库都可以检索到学位论文。','对','错','','','A') [ RunTime:0.0002s ]
SQL: INSERT INTO `e_quest` (`tid`,`type`,`content`,`aA`,`aB`,`aC`,`aD`,`answer`) VALUES ('9','3','CNKI、万方、维普都有期刊数据库。','对','错','','','A') [ RunTime:0.0004s ]
SQL: INSERT INTO `e_quest` (`tid`,`type`,`content`,`aA`,`aB`,`aC`,`aD`,`answer`) VALUES ('9','3','“中图法”是一种按学科、专业集中文献，并从知识分类角度揭示各类文献在内容上的区别和联系的分类方法。','对','错','','','A') [ RunTime:0.0004s ]
SQL: INSERT INTO `e_quest` (`tid`,`type`,`content`,`aA`,`aB`,`aC`,`aD`,`answer`) VALUES ('9','3',' 我馆读者查以登录图书馆网站自己查询图书借阅情况。','对','错','','','A') [ RunTime:0.0003s ]
SQL: INSERT INTO `e_quest` (`tid`,`type`,`content`,`aA`,`aB`,`aC`,`aD`,`answer`) VALUES ('9','3',' 计算机类的图书要到TP类书架里查找。 ','对','错','','','A') [ RunTime:0.0004s ]
SQL: INSERT INTO `e_quest` (`tid`,`type`,`content`,`aA`,`aB`,`aC`,`aD`,`answer`) VALUES ('9','3','借书快到期可以自行在电脑上续借。','对','错','','','A') [ RunTime:0.0002s ]
SQL: INSERT INTO `e_quest` (`tid`,`type`,`content`,`aA`,`aB`,`aC`,`aD`,`answer`) VALUES ('9','3',' 读者在办理离校手续时须将所有借阅图书归还。','对','错','','','A') [ RunTime:0.0001s ]
SQL: INSERT INTO `e_quest` (`tid`,`type`,`content`,`aA`,`aB`,`aC`,`aD`,`answer`) VALUES ('9','3','存包柜存入的物品必须一次行全部取完','对','错','','','A') [ RunTime:0.0002s ]
SQL: INSERT INTO `e_quest` (`tid`,`type`,`content`,`aA`,`aB`,`aC`,`aD`,`answer`) VALUES ('9','3','中图法分为六大部类，22个基本大类。','对','错','','','B') [ RunTime:0.0001s ]
SQL: INSERT INTO `e_quest` (`tid`,`type`,`content`,`aA`,`aB`,`aC`,`aD`,`answer`) VALUES ('9','3','有超期未归还的书不影响继续借书。','对','错','','','B') [ RunTime:0.0002s ]
SQL: INSERT INTO `e_quest` (`tid`,`type`,`content`,`aA`,`aB`,`aC`,`aD`,`answer`) VALUES ('9','3','续借图书只能在图书馆里的借阅查询系统上操作。','对','错','','','B') [ RunTime:0.0002s ]
SQL: INSERT INTO `e_quest` (`tid`,`type`,`content`,`aA`,`aB`,`aC`,`aD`,`answer`) VALUES ('9','3','我校图书馆没有订购外文期刊Science。','对','错','','','B') [ RunTime:0.0002s ]
SQL: INSERT INTO `e_quest` (`tid`,`type`,`content`,`aA`,`aB`,`aC`,`aD`,`answer`) VALUES ('9','3','我校图书馆的资源和服务只对校内师生读者，不对校外人士提供。 ','对','错','','','B') [ RunTime:0.0002s ]
SQL: INSERT INTO `e_quest` (`tid`,`type`,`content`,`aA`,`aB`,`aC`,`aD`,`answer`) VALUES ('9','3','外借图书逾期归还者，须支付逾期费','对','错','','','B') [ RunTime:0.0003s ]
SQL: INSERT INTO `e_quest` (`tid`,`type`,`content`,`aA`,`aB`,`aC`,`aD`,`answer`) VALUES ('9','3','图书最多可以续借3次。','对','错','','','B') [ RunTime:0.0003s ]
SQL: INSERT INTO `e_quest` (`tid`,`type`,`content`,`aA`,`aB`,`aC`,`aD`,`answer`) VALUES ('9','3','图书馆周末停止服务。','对','错','','','B') [ RunTime:0.0003s ]
SQL: INSERT INTO `e_quest` (`tid`,`type`,`content`,`aA`,`aB`,`aC`,`aD`,`answer`) VALUES ('9','3','图书馆政治业务学习和内务整理安排在周五下午','对','错','','','B') [ RunTime:0.0003s ]
SQL: INSERT INTO `e_quest` (`tid`,`type`,`content`,`aA`,`aB`,`aC`,`aD`,`answer`) VALUES ('9','3','图书馆阅览室周六日不开放。','对','错','','','B') [ RunTime:0.0003s ]
SQL: INSERT INTO `e_quest` (`tid`,`type`,`content`,`aA`,`aB`,`aC`,`aD`,`answer`) VALUES ('9','3','图书馆阅览室内可以吃零食、早餐等。','对','错','','','B') [ RunTime:0.0003s ]
SQL: INSERT INTO `e_quest` (`tid`,`type`,`content`,`aA`,`aB`,`aC`,`aD`,`answer`) VALUES ('9','3','图书馆实行全年开放。','对','错','','','B') [ RunTime:0.0003s ]
SQL: INSERT INTO `e_quest` (`tid`,`type`,`content`,`aA`,`aB`,`aC`,`aD`,`answer`) VALUES ('9','3','图书馆可以吃零食、早餐等。','对','错','','','B') [ RunTime:0.0003s ]
SQL: INSERT INTO `e_quest` (`tid`,`type`,`content`,`aA`,`aB`,`aC`,`aD`,`answer`) VALUES ('9','3','图书馆各分馆外文图书阅览室的藏书只能室内阅览，不提供外借服务。','对','错','','','B') [ RunTime:0.0003s ]
SQL: INSERT INTO `e_quest` (`tid`,`type`,`content`,`aA`,`aB`,`aC`,`aD`,`answer`) VALUES ('9','3','图书馆闭馆后阅览室内能存放读者物品','对','错','','','B') [ RunTime:0.0003s ]
SQL: INSERT INTO `e_quest` (`tid`,`type`,`content`,`aA`,`aB`,`aC`,`aD`,`answer`) VALUES ('9','3','图书馆9点开始开放。','对','错','','','B') [ RunTime:0.0164s ]
SQL: INSERT INTO `e_quest` (`tid`,`type`,`content`,`aA`,`aB`,`aC`,`aD`,`answer`) VALUES ('9','3','同学们喜欢看的小说要到F类里查找。','对','错','','','B') [ RunTime:0.0003s ]
SQL: INSERT INTO `e_quest` (`tid`,`type`,`content`,`aA`,`aB`,`aC`,`aD`,`answer`) VALUES ('9','3','通过邮箱接收的文献传递链接内容，可以随时查阅，永久有效。 ','对','错','','','B') [ RunTime:0.0003s ]
SQL: INSERT INTO `e_quest` (`tid`,`type`,`content`,`aA`,`aB`,`aC`,`aD`,`answer`) VALUES ('9','3','所有书库图书借期均为两个月。','对','错','','','B') [ RunTime:0.0003s ]
SQL: INSERT INTO `e_quest` (`tid`,`type`,`content`,`aA`,`aB`,`aC`,`aD`,`answer`) VALUES ('9','3','书生之家是一个期刊数据库。','对','错','','','B') [ RunTime:0.0003s ]
SQL: INSERT INTO `e_quest` (`tid`,`type`,`content`,`aA`,`aB`,`aC`,`aD`,`answer`) VALUES ('9','3','首次数字图书馆登录可以不必完善用户信息直接进行操作。','对','错','','','B') [ RunTime:0.0002s ]
SQL: INSERT INTO `e_quest` (`tid`,`type`,`content`,`aA`,`aB`,`aC`,`aD`,`answer`) VALUES ('9','3','青岛科技大学图书馆只对本科生开设文献检索课程教学。','对','错','','','B') [ RunTime:0.0003s ]
SQL: INSERT INTO `e_quest` (`tid`,`type`,`content`,`aA`,`aB`,`aC`,`aD`,`answer`) VALUES ('9','3','青岛科技大学图书馆是按照ISBN号对图书进行排架的','对','错','','','B') [ RunTime:0.0004s ]
SQL: INSERT INTO `e_quest` (`tid`,`type`,`content`,`aA`,`aB`,`aC`,`aD`,`answer`) VALUES ('9','3','某同学拾到他人借阅证并持之借书，这是可以的。','对','错','','','B') [ RunTime:0.0004s ]
SQL: INSERT INTO `e_quest` (`tid`,`type`,`content`,`aA`,`aB`,`aC`,`aD`,`answer`) VALUES ('9','3','崂山校区图书馆三层阅览区的所有座位都设有插座。','对','错','','','B') [ RunTime:0.0003s ]
SQL: INSERT INTO `e_quest` (`tid`,`type`,`content`,`aA`,`aB`,`aC`,`aD`,`answer`) VALUES ('9','3','崂山校区图书馆内所有楼层的书刊都不仅可以在馆内阅读，还可以借阅。','对','错','','','B') [ RunTime:0.0003s ]
SQL: INSERT INTO `e_quest` (`tid`,`type`,`content`,`aA`,`aB`,`aC`,`aD`,`answer`) VALUES ('9','3','酷爱读书的同学可以彻夜在图书馆读书。','对','错','','','B') [ RunTime:0.0004s ]
SQL: INSERT INTO `e_quest` (`tid`,`type`,`content`,`aA`,`aB`,`aC`,`aD`,`answer`) VALUES ('9','3','可以在图书馆内张贴或散发广告、宣传品。','对','错','','','B') [ RunTime:0.0002s ]
SQL: INSERT INTO `e_quest` (`tid`,`type`,`content`,`aA`,`aB`,`aC`,`aD`,`answer`) VALUES ('9','3','可以觉得怎么舒服就怎么穿着去图书馆。','对','错','','','B') [ RunTime:0.0002s ]
SQL: INSERT INTO `e_quest` (`tid`,`type`,`content`,`aA`,`aB`,`aC`,`aD`,`answer`) VALUES ('9','3','借阅我校图书馆图书可以超期。','对','错','','','B') [ RunTime:0.0001s ]
SQL: INSERT INTO `e_quest` (`tid`,`type`,`content`,`aA`,`aB`,`aC`,`aD`,`answer`) VALUES ('9','3','借还书都需要使用校园卡。','对','错','','','B') [ RunTime:0.0001s ]
SQL: INSERT INTO `e_quest` (`tid`,`type`,`content`,`aA`,`aB`,`aC`,`aD`,`answer`) VALUES ('9','3','寄包柜可以用来寄放电脑。','对','错','','','B') [ RunTime:0.0001s ]
SQL: INSERT INTO `e_quest` (`tid`,`type`,`content`,`aA`,`aB`,`aC`,`aD`,`answer`) VALUES ('9','3','复印资料必须到图书馆复印室办理。','对','错','','','B') [ RunTime:0.0001s ]
SQL: INSERT INTO `e_quest` (`tid`,`type`,`content`,`aA`,`aB`,`aC`,`aD`,`answer`) VALUES ('9','3','读者在电子阅览室可以用程序大批量恶意下载文献。','对','错','','','B') [ RunTime:0.0001s ]
SQL: INSERT INTO `e_quest` (`tid`,`type`,`content`,`aA`,`aB`,`aC`,`aD`,`answer`) VALUES ('9','3','读者在电子阅览室可以上机玩各类游戏。','对','错','','','B') [ RunTime:0.0001s ]
SQL: INSERT INTO `e_quest` (`tid`,`type`,`content`,`aA`,`aB`,`aC`,`aD`,`answer`) VALUES ('9','3','读者可以借用其他同学的借阅证借书。','对','错','','','B') [ RunTime:0.0001s ]
SQL: INSERT INTO `e_quest` (`tid`,`type`,`content`,`aA`,`aB`,`aC`,`aD`,`answer`) VALUES ('9','3','读者可以将书刊携出期刊阅览室外。','对','错','','','B') [ RunTime:0.0002s ]
SQL: INSERT INTO `e_quest` (`tid`,`type`,`content`,`aA`,`aB`,`aC`,`aD`,`answer`) VALUES ('9','3','读者可以将书、包等物放在阅览室桌椅上占座位。','对','错','','','B') [ RunTime:0.0002s ]
SQL: INSERT INTO `e_quest` (`tid`,`type`,`content`,`aA`,`aB`,`aC`,`aD`,`answer`) VALUES ('9','3','读者可以将报纸携带出阅览室。','对','错','','','B') [ RunTime:0.0005s ]
SQL: INSERT INTO `e_quest` (`tid`,`type`,`content`,`aA`,`aB`,`aC`,`aD`,`answer`) VALUES ('9','3','H316/36 中的36是分类号。','对','错','','','B') [ RunTime:0.0006s ]
SQL: INSERT INTO `e_quest` (`tid`,`type`,`content`,`aA`,`aB`,`aC`,`aD`,`answer`) VALUES ('9','3','CNKI、万方、维普是三大图书检索数据库。 ','对','错','','','B') [ RunTime:0.0005s ]
SQL: INSERT INTO `e_quest` (`tid`,`type`,`content`,`aA`,`aB`,`aC`,`aD`,`answer`) VALUES ('9','3',' 中图法分六大部类，22个基本大类 ','对','错','','','B') [ RunTime:0.0004s ]
SQL: INSERT INTO `e_quest` (`tid`,`type`,`content`,`aA`,`aB`,`aC`,`aD`,`answer`) VALUES ('9','3',' 在图书馆内，读者可以用自带手提电脑玩游戏、看电影、聊天','对','错','','','B') [ RunTime:0.0002s ]
SQL: INSERT INTO `e_quest` (`tid`,`type`,`content`,`aA`,`aB`,`aC`,`aD`,`answer`) VALUES ('9','3',' 遗失一卡通须立即到图书馆办公室挂失。','对','错','','','B') [ RunTime:0.0002s ]
SQL: INSERT INTO `e_quest` (`tid`,`type`,`content`,`aA`,`aB`,`aC`,`aD`,`answer`) VALUES ('9','3',' 同学们看小说要到F类查找。','对','错','','','B') [ RunTime:0.0002s ]
SQL: INSERT INTO `e_quest` (`tid`,`type`,`content`,`aA`,`aB`,`aC`,`aD`,`answer`) VALUES ('9','3',' 某同学拾到他人借阅证并持之借书，这是可以的。','对','错','','','B') [ RunTime:0.0002s ]
SQL: INSERT INTO `e_quest` (`tid`,`type`,`content`,`aA`,`aB`,`aC`,`aD`,`answer`) VALUES ('9','3',' H316/36中的36是分类号。','对','错','','','B') [ RunTime:0.0003s ]
SQL: INSERT INTO `e_quest` (`tid`,`type`,`content`,`aA`,`aB`,`aC`,`aD`,`answer`) VALUES ('9','3','青岛科技大学图书馆不接受读者捐赠图书。','对','错','','','B') [ RunTime:0.0003s ]
SQL: INSERT INTO `e_quest` (`tid`,`type`,`content`,`aA`,`aB`,`aC`,`aD`,`answer`) VALUES ('9','3','期刊可以阅览和外借。','对','错','','','B') [ RunTime:0.0002s ]
SQL: INSERT INTO `e_quest` (`tid`,`type`,`content`,`aA`,`aB`,`aC`,`aD`,`answer`) VALUES ('9','3','物品存放到存包柜后，一卡通丢失，新办理的一卡通能打开存包柜取物','对','错','','','B') [ RunTime:0.0002s ]
SQL: INSERT INTO `e_quest` (`tid`,`type`,`content`,`aA`,`aB`,`aC`,`aD`,`answer`) VALUES ('9','3','能在“馆藏书目查询”中查询图书馆收藏的期刊吗?','可以','不可以','','','A') [ RunTime:0.0002s ]
SQL: INSERT INTO `e_quest` (`tid`,`type`,`content`,`aA`,`aB`,`aC`,`aD`,`answer`) VALUES ('9','3','可以用其他读者的校园卡借书吗？','可以','不可以','','','A') [ RunTime:0.0002s ]
SQL: INSERT INTO `e_quest` (`tid`,`type`,`content`,`aA`,`aB`,`aC`,`aD`,`answer`) VALUES ('9','3','不到图书馆可以续借图书吗？','可以','不可以','','','A') [ RunTime:0.0002s ]
SQL: INSERT INTO `e_quest` (`tid`,`type`,`content`,`aA`,`aB`,`aC`,`aD`,`answer`) VALUES ('9','3','入馆是否需要“青岛科技大学校园卡”？','是','否','','','A') [ RunTime:0.0003s ]

